INFO 2025-12-19 15:20:29 rc/train.py:277 Creating optimizer and scheduler
INFO 2025-12-19 15:20:29 rc/train.py:319 cfg.steps=100000 (100K)
INFO 2025-12-19 15:20:29 rc/train.py:320 dataset.num_frames=29274 (29K)
INFO 2025-12-19 15:20:29 rc/train.py:321 dataset.num_episodes=19
INFO 2025-12-19 15:20:29 rc/train.py:324 Effective batch size: 8 x 1 = 8
INFO 2025-12-19 15:20:29 rc/train.py:325 num_learnable_params=99880992 (100M)
INFO 2025-12-19 15:20:29 rc/train.py:326 num_total_params=450046176 (450M)
INFO 2025-12-19 15:20:29 rc/train.py:382 Start offline training on a fixed dataset, with effective batch size: 8
INFO 2025-12-19 15:20:55 rc/train.py:413 step:200 smpl:2K ep:1 epch:0.05 loss:1.183 grdn:5.023 lr:1.0e-05 updt_s:0.122 data_s:0.006
INFO 2025-12-19 15:21:20 rc/train.py:413 step:400 smpl:3K ep:2 epch:0.11 loss:0.575 grdn:6.695 lr:3.0e-05 updt_s:0.119 data_s:0.004
INFO 2025-12-19 15:21:45 rc/train.py:413 step:600 smpl:5K ep:3 epch:0.16 loss:0.330 grdn:5.971 lr:5.0e-05 updt_s:0.121 data_s:0.004
INFO 2025-12-19 15:22:10 rc/train.py:413 step:800 smpl:6K ep:4 epch:0.22 loss:0.226 grdn:4.553 lr:7.0e-05 updt_s:0.120 data_s:0.004
INFO 2025-12-19 15:22:35 rc/train.py:413 step:1K smpl:8K ep:5 epch:0.27 loss:0.170 grdn:3.022 lr:9.0e-05 updt_s:0.121 data_s:0.004
INFO 2025-12-19 15:23:00 rc/train.py:413 step:1K smpl:10K ep:6 epch:0.33 loss:0.152 grdn:2.093 lr:1.0e-04 updt_s:0.121 data_s:0.004
INFO 2025-12-19 15:23:25 rc/train.py:413 step:1K smpl:11K ep:7 epch:0.38 loss:0.119 grdn:1.615 lr:1.0e-04 updt_s:0.122 data_s:0.004
INFO 2025-12-19 15:23:51 rc/train.py:413 step:2K smpl:13K ep:8 epch:0.44 loss:0.108 grdn:1.396 lr:9.9e-05 updt_s:0.121 data_s:0.004
INFO 2025-12-19 15:24:16 rc/train.py:413 step:2K smpl:14K ep:9 epch:0.49 loss:0.099 grdn:1.229 lr:9.9e-05 updt_s:0.122 data_s:0.003
INFO 2025-12-19 15:24:41 rc/train.py:413 step:2K smpl:16K ep:10 epch:0.55 loss:0.091 grdn:1.165 lr:9.9e-05 updt_s:0.121 data_s:0.004
INFO 2025-12-19 15:25:07 rc/train.py:413 step:2K smpl:18K ep:11 epch:0.60 loss:0.080 grdn:1.009 lr:9.9e-05 updt_s:0.122 data_s:0.004
INFO 2025-12-19 15:25:32 rc/train.py:413 step:2K smpl:19K ep:12 epch:0.66 loss:0.082 grdn:0.992 lr:9.9e-05 updt_s:0.121 data_s:0.003
INFO 2025-12-19 15:25:57 rc/train.py:413 step:3K smpl:21K ep:14 epch:0.71 loss:0.072 grdn:0.890 lr:9.8e-05 updt_s:0.122 data_s:0.003
INFO 2025-12-19 15:26:22 rc/train.py:413 step:3K smpl:22K ep:15 epch:0.77 loss:0.079 grdn:0.926 lr:9.8e-05 updt_s:0.122 data_s:0.004
INFO 2025-12-19 15:26:48 rc/train.py:413 step:3K smpl:24K ep:16 epch:0.82 loss:0.072 grdn:0.890 lr:9.8e-05 updt_s:0.122 data_s:0.003
INFO 2025-12-19 15:27:13 rc/train.py:413 step:3K smpl:26K ep:17 epch:0.87 loss:0.069 grdn:0.832 lr:9.7e-05 updt_s:0.122 data_s:0.004
INFO 2025-12-19 15:27:38 rc/train.py:413 step:3K smpl:27K ep:18 epch:0.93 loss:0.061 grdn:0.770 lr:9.7e-05 updt_s:0.122 data_s:0.004
INFO 2025-12-19 15:28:03 rc/train.py:413 step:4K smpl:29K ep:19 epch:0.98 loss:0.065 grdn:0.780 lr:9.7e-05 updt_s:0.121 data_s:0.003
INFO 2025-12-19 15:28:29 rc/train.py:413 step:4K smpl:30K ep:20 epch:1.04 loss:0.064 grdn:0.778 lr:9.6e-05 updt_s:0.121 data_s:0.006
INFO 2025-12-19 15:28:54 rc/train.py:413 step:4K smpl:32K ep:21 epch:1.09 loss:0.054 grdn:0.689 lr:9.6e-05 updt_s:0.122 data_s:0.004
INFO 2025-12-19 15:29:20 rc/train.py:413 step:4K smpl:34K ep:22 epch:1.15 loss:0.058 grdn:0.712 lr:9.6e-05 updt_s:0.122 data_s:0.004
INFO 2025-12-19 15:29:45 rc/train.py:413 step:4K smpl:35K ep:23 epch:1.20 loss:0.060 grdn:0.746 lr:9.5e-05 updt_s:0.123 data_s:0.004
INFO 2025-12-19 15:30:11 rc/train.py:413 step:5K smpl:37K ep:24 epch:1.26 loss:0.057 grdn:0.702 lr:9.5e-05 updt_s:0.123 data_s:0.004
INFO 2025-12-19 15:30:36 rc/train.py:413 step:5K smpl:38K ep:25 epch:1.31 loss:0.057 grdn:0.705 lr:9.4e-05 updt_s:0.122 data_s:0.004
INFO 2025-12-19 15:31:01 rc/train.py:413 step:5K smpl:40K ep:26 epch:1.37 loss:0.053 grdn:0.653 lr:9.4e-05 updt_s:0.122 data_s:0.004
INFO 2025-12-19 15:31:27 rc/train.py:413 step:5K smpl:42K ep:27 epch:1.42 loss:0.055 grdn:0.672 lr:9.3e-05 updt_s:0.122 data_s:0.004
INFO 2025-12-19 15:31:52 rc/train.py:413 step:5K smpl:43K ep:28 epch:1.48 loss:0.051 grdn:0.631 lr:9.3e-05 updt_s:0.122 data_s:0.003
INFO 2025-12-19 15:32:18 rc/train.py:413 step:6K smpl:45K ep:29 epch:1.53 loss:0.049 grdn:0.633 lr:9.2e-05 updt_s:0.123 data_s:0.004
INFO 2025-12-19 15:32:43 rc/train.py:413 step:6K smpl:46K ep:30 epch:1.59 loss:0.052 grdn:0.663 lr:9.2e-05 updt_s:0.122 data_s:0.004
INFO 2025-12-19 15:33:08 rc/train.py:413 step:6K smpl:48K ep:31 epch:1.64 loss:0.047 grdn:0.602 lr:9.1e-05 updt_s:0.122 data_s:0.003
INFO 2025-12-19 15:33:34 rc/train.py:413 step:6K smpl:50K ep:32 epch:1.69 loss:0.049 grdn:0.618 lr:9.0e-05 updt_s:0.123 data_s:0.003
INFO 2025-12-19 15:33:59 rc/train.py:413 step:6K smpl:51K ep:33 epch:1.75 loss:0.048 grdn:0.613 lr:9.0e-05 updt_s:0.122 data_s:0.003
INFO 2025-12-19 15:34:24 rc/train.py:413 step:7K smpl:53K ep:34 epch:1.80 loss:0.047 grdn:0.601 lr:8.9e-05 updt_s:0.122 data_s:0.004
INFO 2025-12-19 15:34:50 rc/train.py:413 step:7K smpl:54K ep:35 epch:1.86 loss:0.048 grdn:0.585 lr:8.8e-05 updt_s:0.122 data_s:0.004
INFO 2025-12-19 15:35:15 rc/train.py:413 step:7K smpl:56K ep:36 epch:1.91 loss:0.045 grdn:0.574 lr:8.8e-05 updt_s:0.122 data_s:0.004
INFO 2025-12-19 15:35:40 rc/train.py:413 step:7K smpl:58K ep:37 epch:1.97 loss:0.045 grdn:0.563 lr:8.7e-05 updt_s:0.121 data_s:0.004
INFO 2025-12-19 15:36:06 rc/train.py:413 step:7K smpl:59K ep:38 epch:2.02 loss:0.044 grdn:0.547 lr:8.6e-05 updt_s:0.121 data_s:0.006
INFO 2025-12-19 15:36:31 rc/train.py:413 step:8K smpl:61K ep:39 epch:2.08 loss:0.043 grdn:0.552 lr:8.6e-05 updt_s:0.122 data_s:0.004
INFO 2025-12-19 15:36:57 rc/train.py:413 step:8K smpl:62K ep:41 epch:2.13 loss:0.041 grdn:0.539 lr:8.5e-05 updt_s:0.122 data_s:0.004
INFO 2025-12-19 15:37:22 rc/train.py:413 step:8K smpl:64K ep:42 epch:2.19 loss:0.044 grdn:0.572 lr:8.4e-05 updt_s:0.122 data_s:0.004
INFO 2025-12-19 15:37:47 rc/train.py:413 step:8K smpl:66K ep:43 epch:2.24 loss:0.039 grdn:0.522 lr:8.3e-05 updt_s:0.122 data_s:0.004
INFO 2025-12-19 15:38:13 rc/train.py:413 step:8K smpl:67K ep:44 epch:2.30 loss:0.043 grdn:0.544 lr:8.3e-05 updt_s:0.122 data_s:0.004
INFO 2025-12-19 15:38:38 rc/train.py:413 step:9K smpl:69K ep:45 epch:2.35 loss:0.044 grdn:0.553 lr:8.2e-05 updt_s:0.123 data_s:0.004
INFO 2025-12-19 15:39:04 rc/train.py:413 step:9K smpl:70K ep:46 epch:2.40 loss:0.042 grdn:0.543 lr:8.1e-05 updt_s:0.122 data_s:0.004
INFO 2025-12-19 15:39:29 rc/train.py:413 step:9K smpl:72K ep:47 epch:2.46 loss:0.038 grdn:0.502 lr:8.0e-05 updt_s:0.123 data_s:0.004
INFO 2025-12-19 15:39:54 rc/train.py:413 step:9K smpl:74K ep:48 epch:2.51 loss:0.039 grdn:0.495 lr:7.9e-05 updt_s:0.122 data_s:0.004
INFO 2025-12-19 15:40:20 rc/train.py:413 step:9K smpl:75K ep:49 epch:2.57 loss:0.039 grdn:0.509 lr:7.9e-05 updt_s:0.122 data_s:0.004
INFO 2025-12-19 15:40:45 rc/train.py:413 step:10K smpl:77K ep:50 epch:2.62 loss:0.037 grdn:0.491 lr:7.8e-05 updt_s:0.122 data_s:0.004
INFO 2025-12-19 15:41:10 rc/train.py:413 step:10K smpl:78K ep:51 epch:2.68 loss:0.041 grdn:0.527 lr:7.7e-05 updt_s:0.122 data_s:0.004
INFO 2025-12-19 15:41:36 rc/train.py:413 step:10K smpl:80K ep:52 epch:2.73 loss:0.040 grdn:0.514 lr:7.6e-05 updt_s:0.122 data_s:0.004
INFO 2025-12-19 15:42:01 rc/train.py:413 step:10K smpl:82K ep:53 epch:2.79 loss:0.037 grdn:0.494 lr:7.5e-05 updt_s:0.122 data_s:0.004
INFO 2025-12-19 15:42:26 rc/train.py:413 step:10K smpl:83K ep:54 epch:2.84 loss:0.035 grdn:0.480 lr:7.4e-05 updt_s:0.122 data_s:0.004
INFO 2025-12-19 15:42:52 rc/train.py:413 step:11K smpl:85K ep:55 epch:2.90 loss:0.037 grdn:0.482 lr:7.3e-05 updt_s:0.121 data_s:0.003
INFO 2025-12-19 15:43:17 rc/train.py:413 step:11K smpl:86K ep:56 epch:2.95 loss:0.037 grdn:0.510 lr:7.2e-05 updt_s:0.122 data_s:0.004
INFO 2025-12-19 15:43:43 rc/train.py:413 step:11K smpl:88K ep:57 epch:3.01 loss:0.034 grdn:0.478 lr:7.2e-05 updt_s:0.120 data_s:0.006
INFO 2025-12-19 15:44:08 rc/train.py:413 step:11K smpl:90K ep:58 epch:3.06 loss:0.039 grdn:0.519 lr:7.1e-05 updt_s:0.122 data_s:0.004
INFO 2025-12-19 15:44:33 rc/train.py:413 step:11K smpl:91K ep:59 epch:3.12 loss:0.035 grdn:0.472 lr:7.0e-05 updt_s:0.122 data_s:0.004
INFO 2025-12-19 15:44:59 rc/train.py:413 step:12K smpl:93K ep:60 epch:3.17 loss:0.036 grdn:0.460 lr:6.9e-05 updt_s:0.122 data_s:0.003
INFO 2025-12-19 15:45:24 rc/train.py:413 step:12K smpl:94K ep:61 epch:3.22 loss:0.035 grdn:0.458 lr:6.8e-05 updt_s:0.122 data_s:0.003
INFO 2025-12-19 15:45:49 rc/train.py:413 step:12K smpl:96K ep:62 epch:3.28 loss:0.033 grdn:0.441 lr:6.7e-05 updt_s:0.122 data_s:0.004
INFO 2025-12-19 15:46:14 rc/train.py:413 step:12K smpl:98K ep:63 epch:3.33 loss:0.037 grdn:0.477 lr:6.6e-05 updt_s:0.122 data_s:0.003
INFO 2025-12-19 15:46:40 rc/train.py:413 step:12K smpl:99K ep:64 epch:3.39 loss:0.031 grdn:0.433 lr:6.5e-05 updt_s:0.122 data_s:0.004
INFO 2025-12-19 15:47:05 rc/train.py:413 step:13K smpl:101K ep:65 epch:3.44 loss:0.031 grdn:0.401 lr:6.4e-05 updt_s:0.122 data_s:0.004
INFO 2025-12-19 15:47:30 rc/train.py:413 step:13K smpl:102K ep:66 epch:3.50 loss:0.031 grdn:0.440 lr:6.3e-05 updt_s:0.122 data_s:0.004
INFO 2025-12-19 15:47:56 rc/train.py:413 step:13K smpl:104K ep:68 epch:3.55 loss:0.032 grdn:0.424 lr:6.2e-05 updt_s:0.122 data_s:0.004
INFO 2025-12-19 15:48:21 rc/train.py:413 step:13K smpl:106K ep:69 epch:3.61 loss:0.032 grdn:0.421 lr:6.1e-05 updt_s:0.122 data_s:0.004
INFO 2025-12-19 15:48:46 rc/train.py:413 step:13K smpl:107K ep:70 epch:3.66 loss:0.030 grdn:0.420 lr:6.0e-05 updt_s:0.122 data_s:0.004
INFO 2025-12-19 15:49:12 rc/train.py:413 step:14K smpl:109K ep:71 epch:3.72 loss:0.030 grdn:0.416 lr:5.9e-05 updt_s:0.122 data_s:0.004
INFO 2025-12-19 15:49:37 rc/train.py:413 step:14K smpl:110K ep:72 epch:3.77 loss:0.029 grdn:0.397 lr:5.8e-05 updt_s:0.122 data_s:0.004
INFO 2025-12-19 15:50:03 rc/train.py:413 step:14K smpl:112K ep:73 epch:3.83 loss:0.029 grdn:0.413 lr:5.7e-05 updt_s:0.122 data_s:0.004
INFO 2025-12-19 15:50:28 rc/train.py:413 step:14K smpl:114K ep:74 epch:3.88 loss:0.029 grdn:0.392 lr:5.6e-05 updt_s:0.122 data_s:0.004
INFO 2025-12-19 15:50:53 rc/train.py:413 step:14K smpl:115K ep:75 epch:3.94 loss:0.032 grdn:0.432 lr:5.5e-05 updt_s:0.122 data_s:0.004
INFO 2025-12-19 15:51:19 rc/train.py:413 step:15K smpl:117K ep:76 epch:3.99 loss:0.029 grdn:0.405 lr:5.4e-05 updt_s:0.122 data_s:0.003
INFO 2025-12-19 15:51:44 rc/train.py:413 step:15K smpl:118K ep:77 epch:4.04 loss:0.028 grdn:0.392 lr:5.3e-05 updt_s:0.121 data_s:0.006
INFO 2025-12-19 15:52:10 rc/train.py:413 step:15K smpl:120K ep:78 epch:4.10 loss:0.029 grdn:0.372 lr:5.2e-05 updt_s:0.122 data_s:0.003
INFO 2025-12-19 15:52:35 rc/train.py:413 step:15K smpl:122K ep:79 epch:4.15 loss:0.027 grdn:0.379 lr:5.1e-05 updt_s:0.122 data_s:0.004
INFO 2025-12-19 15:53:00 rc/train.py:413 step:15K smpl:123K ep:80 epch:4.21 loss:0.028 grdn:0.389 lr:5.0e-05 updt_s:0.122 data_s:0.004
INFO 2025-12-19 15:53:26 rc/train.py:413 step:16K smpl:125K ep:81 epch:4.26 loss:0.029 grdn:0.404 lr:4.9e-05 updt_s:0.122 data_s:0.004
INFO 2025-12-19 15:53:51 rc/train.py:413 step:16K smpl:126K ep:82 epch:4.32 loss:0.028 grdn:0.372 lr:4.8e-05 updt_s:0.122 data_s:0.004
INFO 2025-12-19 15:54:16 rc/train.py:413 step:16K smpl:128K ep:83 epch:4.37 loss:0.026 grdn:0.366 lr:4.7e-05 updt_s:0.121 data_s:0.004
INFO 2025-12-19 15:54:42 rc/train.py:413 step:16K smpl:130K ep:84 epch:4.43 loss:0.027 grdn:0.375 lr:4.6e-05 updt_s:0.122 data_s:0.003
INFO 2025-12-19 15:55:07 rc/train.py:413 step:16K smpl:131K ep:85 epch:4.48 loss:0.027 grdn:0.372 lr:4.5e-05 updt_s:0.122 data_s:0.004
INFO 2025-12-19 15:55:32 rc/train.py:413 step:17K smpl:133K ep:86 epch:4.54 loss:0.024 grdn:0.357 lr:4.4e-05 updt_s:0.122 data_s:0.004
INFO 2025-12-19 15:55:58 rc/train.py:413 step:17K smpl:134K ep:87 epch:4.59 loss:0.027 grdn:0.373 lr:4.3e-05 updt_s:0.122 data_s:0.004
INFO 2025-12-19 15:56:23 rc/train.py:413 step:17K smpl:136K ep:88 epch:4.65 loss:0.026 grdn:0.349 lr:4.2e-05 updt_s:0.122 data_s:0.004
INFO 2025-12-19 15:56:48 rc/train.py:413 step:17K smpl:138K ep:89 epch:4.70 loss:0.027 grdn:0.377 lr:4.1e-05 updt_s:0.122 data_s:0.004
INFO 2025-12-19 15:57:14 rc/train.py:413 step:17K smpl:139K ep:90 epch:4.76 loss:0.026 grdn:0.363 lr:4.0e-05 updt_s:0.122 data_s:0.004
INFO 2025-12-19 15:57:39 rc/train.py:413 step:18K smpl:141K ep:91 epch:4.81 loss:0.025 grdn:0.350 lr:3.9e-05 updt_s:0.122 data_s:0.004
INFO 2025-12-19 15:58:04 rc/train.py:413 step:18K smpl:142K ep:92 epch:4.86 loss:0.026 grdn:0.363 lr:3.8e-05 updt_s:0.122 data_s:0.004
INFO 2025-12-19 15:58:30 rc/train.py:413 step:18K smpl:144K ep:93 epch:4.92 loss:0.026 grdn:0.357 lr:3.7e-05 updt_s:0.122 data_s:0.004
INFO 2025-12-19 15:58:55 rc/train.py:413 step:18K smpl:146K ep:95 epch:4.97 loss:0.026 grdn:0.353 lr:3.6e-05 updt_s:0.122 data_s:0.004
INFO 2025-12-19 15:59:20 rc/train.py:413 step:18K smpl:147K ep:96 epch:5.03 loss:0.027 grdn:0.355 lr:3.5e-05 updt_s:0.121 data_s:0.006
INFO 2025-12-19 15:59:46 rc/train.py:413 step:19K smpl:149K ep:97 epch:5.08 loss:0.025 grdn:0.363 lr:3.4e-05 updt_s:0.122 data_s:0.004
INFO 2025-12-19 16:00:11 rc/train.py:413 step:19K smpl:150K ep:98 epch:5.14 loss:0.025 grdn:0.354 lr:3.3e-05 updt_s:0.122 data_s:0.004
INFO 2025-12-19 16:00:36 rc/train.py:413 step:19K smpl:152K ep:99 epch:5.19 loss:0.026 grdn:0.354 lr:3.2e-05 updt_s:0.122 data_s:0.004
INFO 2025-12-19 16:01:02 rc/train.py:413 step:19K smpl:154K ep:100 epch:5.25 loss:0.026 grdn:0.338 lr:3.1e-05 updt_s:0.122 data_s:0.004
INFO 2025-12-19 16:01:27 rc/train.py:413 step:19K smpl:155K ep:101 epch:5.30 loss:0.025 grdn:0.325 lr:3.0e-05 updt_s:0.122 data_s:0.004
INFO 2025-12-19 16:01:52 rc/train.py:413 step:20K smpl:157K ep:102 epch:5.36 loss:0.026 grdn:0.338 lr:2.9e-05 updt_s:0.122 data_s:0.004
INFO 2025-12-19 16:02:18 rc/train.py:413 step:20K smpl:158K ep:103 epch:5.41 loss:0.024 grdn:0.326 lr:2.8e-05 updt_s:0.122 data_s:0.004
INFO 2025-12-19 16:02:43 rc/train.py:413 step:20K smpl:160K ep:104 epch:5.47 loss:0.022 grdn:0.316 lr:2.7e-05 updt_s:0.122 data_s:0.004
INFO 2025-12-19 16:02:43 rc/train.py:433 Checkpoint policy after step 20000
INFO 2025-12-19 16:03:10 rc/train.py:413 step:20K smpl:162K ep:105 epch:5.52 loss:0.023 grdn:0.324 lr:2.6e-05 updt_s:0.122 data_s:0.004
INFO 2025-12-19 16:03:36 rc/train.py:413 step:20K smpl:163K ep:106 epch:5.57 loss:0.023 grdn:0.307 lr:2.6e-05 updt_s:0.122 data_s:0.003
INFO 2025-12-19 16:04:01 rc/train.py:413 step:21K smpl:165K ep:107 epch:5.63 loss:0.024 grdn:0.332 lr:2.5e-05 updt_s:0.122 data_s:0.003
INFO 2025-12-19 16:04:26 rc/train.py:413 step:21K smpl:166K ep:108 epch:5.68 loss:0.025 grdn:0.331 lr:2.4e-05 updt_s:0.122 data_s:0.004
INFO 2025-12-19 16:04:52 rc/train.py:413 step:21K smpl:168K ep:109 epch:5.74 loss:0.026 grdn:0.326 lr:2.3e-05 updt_s:0.122 data_s:0.004
INFO 2025-12-19 16:05:17 rc/train.py:413 step:21K smpl:170K ep:110 epch:5.79 loss:0.023 grdn:0.309 lr:2.2e-05 updt_s:0.122 data_s:0.004
INFO 2025-12-19 16:05:42 rc/train.py:413 step:21K smpl:171K ep:111 epch:5.85 loss:0.023 grdn:0.315 lr:2.1e-05 updt_s:0.122 data_s:0.004
INFO 2025-12-19 16:06:08 rc/train.py:413 step:22K smpl:173K ep:112 epch:5.90 loss:0.024 grdn:0.317 lr:2.1e-05 updt_s:0.122 data_s:0.004
INFO 2025-12-19 16:06:33 rc/train.py:413 step:22K smpl:174K ep:113 epch:5.96 loss:0.023 grdn:0.294 lr:2.0e-05 updt_s:0.122 data_s:0.004
INFO 2025-12-19 16:06:59 rc/train.py:413 step:22K smpl:176K ep:114 epch:6.01 loss:0.023 grdn:0.322 lr:1.9e-05 updt_s:0.121 data_s:0.006
INFO 2025-12-19 16:07:24 rc/train.py:413 step:22K smpl:178K ep:115 epch:6.07 loss:0.023 grdn:0.316 lr:1.8e-05 updt_s:0.124 data_s:0.004
INFO 2025-12-19 16:07:50 rc/train.py:413 step:22K smpl:179K ep:116 epch:6.12 loss:0.023 grdn:0.299 lr:1.8e-05 updt_s:0.123 data_s:0.004
INFO 2025-12-19 16:08:15 rc/train.py:413 step:23K smpl:181K ep:117 epch:6.18 loss:0.023 grdn:0.306 lr:1.7e-05 updt_s:0.123 data_s:0.004
INFO 2025-12-19 16:08:41 rc/train.py:413 step:23K smpl:182K ep:118 epch:6.23 loss:0.023 grdn:0.315 lr:1.6e-05 updt_s:0.123 data_s:0.004
INFO 2025-12-19 16:09:07 rc/train.py:413 step:23K smpl:184K ep:119 epch:6.29 loss:0.025 grdn:0.313 lr:1.5e-05 updt_s:0.123 data_s:0.004
INFO 2025-12-19 16:09:32 rc/train.py:413 step:23K smpl:186K ep:120 epch:6.34 loss:0.022 grdn:0.299 lr:1.5e-05 updt_s:0.123 data_s:0.004
INFO 2025-12-19 16:09:58 rc/train.py:413 step:23K smpl:187K ep:122 epch:6.39 loss:0.024 grdn:0.307 lr:1.4e-05 updt_s:0.123 data_s:0.004
INFO 2025-12-19 16:10:23 rc/train.py:413 step:24K smpl:189K ep:123 epch:6.45 loss:0.021 grdn:0.287 lr:1.3e-05 updt_s:0.123 data_s:0.004
INFO 2025-12-19 16:10:49 rc/train.py:413 step:24K smpl:190K ep:124 epch:6.50 loss:0.022 grdn:0.279 lr:1.3e-05 updt_s:0.123 data_s:0.004
INFO 2025-12-19 16:11:14 rc/train.py:413 step:24K smpl:192K ep:125 epch:6.56 loss:0.023 grdn:0.298 lr:1.2e-05 updt_s:0.123 data_s:0.004
INFO 2025-12-19 16:11:40 rc/train.py:413 step:24K smpl:194K ep:126 epch:6.61 loss:0.022 grdn:0.294 lr:1.2e-05 updt_s:0.123 data_s:0.004
INFO 2025-12-19 16:12:05 rc/train.py:413 step:24K smpl:195K ep:127 epch:6.67 loss:0.021 grdn:0.277 lr:1.1e-05 updt_s:0.123 data_s:0.004
INFO 2025-12-19 16:12:31 rc/train.py:413 step:25K smpl:197K ep:128 epch:6.72 loss:0.022 grdn:0.282 lr:1.0e-05 updt_s:0.123 data_s:0.004
INFO 2025-12-19 16:12:57 rc/train.py:413 step:25K smpl:198K ep:129 epch:6.78 loss:0.022 grdn:0.294 lr:9.8e-06 updt_s:0.123 data_s:0.004
INFO 2025-12-19 16:13:22 rc/train.py:413 step:25K smpl:200K ep:130 epch:6.83 loss:0.022 grdn:0.289 lr:9.3e-06 updt_s:0.123 data_s:0.004
INFO 2025-12-19 16:13:48 rc/train.py:413 step:25K smpl:202K ep:131 epch:6.89 loss:0.021 grdn:0.279 lr:8.8e-06 updt_s:0.123 data_s:0.004
INFO 2025-12-19 16:14:13 rc/train.py:413 step:25K smpl:203K ep:132 epch:6.94 loss:0.022 grdn:0.281 lr:8.3e-06 updt_s:0.123 data_s:0.004
INFO 2025-12-19 16:14:39 rc/train.py:413 step:26K smpl:205K ep:133 epch:7.00 loss:0.022 grdn:0.286 lr:7.8e-06 updt_s:0.123 data_s:0.004
INFO 2025-12-19 16:15:05 rc/train.py:413 step:26K smpl:206K ep:134 epch:7.05 loss:0.023 grdn:0.294 lr:7.4e-06 updt_s:0.121 data_s:0.006
INFO 2025-12-19 16:15:30 rc/train.py:413 step:26K smpl:208K ep:135 epch:7.11 loss:0.023 grdn:0.298 lr:6.9e-06 updt_s:0.123 data_s:0.004
INFO 2025-12-19 16:15:56 rc/train.py:413 step:26K smpl:210K ep:136 epch:7.16 loss:0.022 grdn:0.280 lr:6.5e-06 updt_s:0.123 data_s:0.004
INFO 2025-12-19 16:16:21 rc/train.py:413 step:26K smpl:211K ep:137 epch:7.21 loss:0.021 grdn:0.284 lr:6.1e-06 updt_s:0.123 data_s:0.004
INFO 2025-12-19 16:16:47 rc/train.py:413 step:27K smpl:213K ep:138 epch:7.27 loss:0.023 grdn:0.289 lr:5.7e-06 updt_s:0.122 data_s:0.004
INFO 2025-12-19 16:17:12 rc/train.py:413 step:27K smpl:214K ep:139 epch:7.32 loss:0.022 grdn:0.278 lr:5.4e-06 updt_s:0.123 data_s:0.003
INFO 2025-12-19 16:17:38 rc/train.py:413 step:27K smpl:216K ep:140 epch:7.38 loss:0.023 grdn:0.297 lr:5.0e-06 updt_s:0.123 data_s:0.004
INFO 2025-12-19 16:18:03 rc/train.py:413 step:27K smpl:218K ep:141 epch:7.43 loss:0.020 grdn:0.274 lr:4.7e-06 updt_s:0.123 data_s:0.004
INFO 2025-12-19 16:18:29 rc/train.py:413 step:27K smpl:219K ep:142 epch:7.49 loss:0.021 grdn:0.288 lr:4.4e-06 updt_s:0.123 data_s:0.004
INFO 2025-12-19 16:18:54 rc/train.py:413 step:28K smpl:221K ep:143 epch:7.54 loss:0.023 grdn:0.295 lr:4.2e-06 updt_s:0.123 data_s:0.003
INFO 2025-12-19 16:19:20 rc/train.py:413 step:28K smpl:222K ep:144 epch:7.60 loss:0.021 grdn:0.278 lr:3.9e-06 updt_s:0.123 data_s:0.004
INFO 2025-12-19 16:19:45 rc/train.py:413 step:28K smpl:224K ep:145 epch:7.65 loss:0.021 grdn:0.267 lr:3.7e-06 updt_s:0.123 data_s:0.004
INFO 2025-12-19 16:20:11 rc/train.py:413 step:28K smpl:226K ep:146 epch:7.71 loss:0.021 grdn:0.276 lr:3.5e-06 updt_s:0.123 data_s:0.004
INFO 2025-12-19 16:20:37 rc/train.py:413 step:28K smpl:227K ep:147 epch:7.76 loss:0.022 grdn:0.278 lr:3.3e-06 updt_s:0.123 data_s:0.004
INFO 2025-12-19 16:21:02 rc/train.py:413 step:29K smpl:229K ep:149 epch:7.82 loss:0.021 grdn:0.272 lr:3.1e-06 updt_s:0.123 data_s:0.004
INFO 2025-12-19 16:21:28 rc/train.py:413 step:29K smpl:230K ep:150 epch:7.87 loss:0.022 grdn:0.280 lr:3.0e-06 updt_s:0.123 data_s:0.004
INFO 2025-12-19 16:21:53 rc/train.py:413 step:29K smpl:232K ep:151 epch:7.93 loss:0.021 grdn:0.277 lr:2.8e-06 updt_s:0.123 data_s:0.004
INFO 2025-12-19 16:22:19 rc/train.py:413 step:29K smpl:234K ep:152 epch:7.98 loss:0.022 grdn:0.276 lr:2.7e-06 updt_s:0.124 data_s:0.004
INFO 2025-12-19 16:22:45 rc/train.py:413 step:29K smpl:235K ep:153 epch:8.03 loss:0.021 grdn:0.271 lr:2.6e-06 updt_s:0.121 data_s:0.006
INFO 2025-12-19 16:23:10 rc/train.py:413 step:30K smpl:237K ep:154 epch:8.09 loss:0.022 grdn:0.284 lr:2.6e-06 updt_s:0.123 data_s:0.004
INFO 2025-12-19 16:23:36 rc/train.py:413 step:30K smpl:238K ep:155 epch:8.14 loss:0.020 grdn:0.262 lr:2.5e-06 updt_s:0.122 data_s:0.004
INFO 2025-12-19 16:24:01 rc/train.py:413 step:30K smpl:240K ep:156 epch:8.20 loss:0.022 grdn:0.275 lr:2.5e-06 updt_s:0.123 data_s:0.004
INFO 2025-12-19 16:24:27 rc/train.py:413 step:30K smpl:242K ep:157 epch:8.25 loss:0.022 grdn:0.292 lr:2.5e-06 updt_s:0.123 data_s:0.004
INFO 2025-12-19 16:24:52 rc/train.py:413 step:30K smpl:243K ep:158 epch:8.31 loss:0.020 grdn:0.262 lr:2.5e-06 updt_s:0.123 data_s:0.004
INFO 2025-12-19 16:25:18 rc/train.py:413 step:31K smpl:245K ep:159 epch:8.36 loss:0.022 grdn:0.287 lr:2.5e-06 updt_s:0.123 data_s:0.004
INFO 2025-12-19 16:25:43 rc/train.py:413 step:31K smpl:246K ep:160 epch:8.42 loss:0.021 grdn:0.269 lr:2.5e-06 updt_s:0.123 data_s:0.004
INFO 2025-12-19 16:26:09 rc/train.py:413 step:31K smpl:248K ep:161 epch:8.47 loss:0.022 grdn:0.274 lr:2.5e-06 updt_s:0.123 data_s:0.004
INFO 2025-12-19 16:26:34 rc/train.py:413 step:31K smpl:250K ep:162 epch:8.53 loss:0.020 grdn:0.262 lr:2.5e-06 updt_s:0.122 data_s:0.004
INFO 2025-12-19 16:27:00 rc/train.py:413 step:31K smpl:251K ep:163 epch:8.58 loss:0.022 grdn:0.284 lr:2.5e-06 updt_s:0.123 data_s:0.004
INFO 2025-12-19 16:27:25 rc/train.py:413 step:32K smpl:253K ep:164 epch:8.64 loss:0.020 grdn:0.270 lr:2.5e-06 updt_s:0.123 data_s:0.004
INFO 2025-12-19 16:27:51 rc/train.py:413 step:32K smpl:254K ep:165 epch:8.69 loss:0.021 grdn:0.262 lr:2.5e-06 updt_s:0.123 data_s:0.004
INFO 2025-12-19 16:28:17 rc/train.py:413 step:32K smpl:256K ep:166 epch:8.74 loss:0.021 grdn:0.277 lr:2.5e-06 updt_s:0.124 data_s:0.004
INFO 2025-12-19 16:28:42 rc/train.py:413 step:32K smpl:258K ep:167 epch:8.80 loss:0.022 grdn:0.282 lr:2.5e-06 updt_s:0.123 data_s:0.004
INFO 2025-12-19 16:29:08 rc/train.py:413 step:32K smpl:259K ep:168 epch:8.85 loss:0.021 grdn:0.273 lr:2.5e-06 updt_s:0.123 data_s:0.004
INFO 2025-12-19 16:29:33 rc/train.py:413 step:33K smpl:261K ep:169 epch:8.91 loss:0.021 grdn:0.278 lr:2.5e-06 updt_s:0.123 data_s:0.004
INFO 2025-12-19 16:29:59 rc/train.py:413 step:33K smpl:262K ep:170 epch:8.96 loss:0.023 grdn:0.278 lr:2.5e-06 updt_s:0.123 data_s:0.004
INFO 2025-12-19 16:30:25 rc/train.py:413 step:33K smpl:264K ep:171 epch:9.02 loss:0.021 grdn:0.282 lr:2.5e-06 updt_s:0.122 data_s:0.006
INFO 2025-12-19 16:30:50 rc/train.py:413 step:33K smpl:266K ep:172 epch:9.07 loss:0.022 grdn:0.282 lr:2.5e-06 updt_s:0.123 data_s:0.004
INFO 2025-12-19 16:31:16 rc/train.py:413 step:33K smpl:267K ep:173 epch:9.13 loss:0.021 grdn:0.272 lr:2.5e-06 updt_s:0.123 data_s:0.004
INFO 2025-12-19 16:31:41 rc/train.py:413 step:34K smpl:269K ep:174 epch:9.18 loss:0.021 grdn:0.277 lr:2.5e-06 updt_s:0.123 data_s:0.004
INFO 2025-12-19 16:32:07 rc/train.py:413 step:34K smpl:270K ep:176 epch:9.24 loss:0.022 grdn:0.274 lr:2.5e-06 updt_s:0.123 data_s:0.004
INFO 2025-12-19 16:32:32 rc/train.py:413 step:34K smpl:272K ep:177 epch:9.29 loss:0.022 grdn:0.285 lr:2.5e-06 updt_s:0.123 data_s:0.004
INFO 2025-12-19 16:32:58 rc/train.py:413 step:34K smpl:274K ep:178 epch:9.35 loss:0.020 grdn:0.262 lr:2.5e-06 updt_s:0.123 data_s:0.004
INFO 2025-12-19 16:33:23 rc/train.py:413 step:34K smpl:275K ep:179 epch:9.40 loss:0.021 grdn:0.264 lr:2.5e-06 updt_s:0.123 data_s:0.004
INFO 2025-12-19 16:33:49 rc/train.py:413 step:35K smpl:277K ep:180 epch:9.46 loss:0.021 grdn:0.267 lr:2.5e-06 updt_s:0.123 data_s:0.004
INFO 2025-12-19 16:34:15 rc/train.py:413 step:35K smpl:278K ep:181 epch:9.51 loss:0.023 grdn:0.302 lr:2.5e-06 updt_s:0.124 data_s:0.003
INFO 2025-12-19 16:34:40 rc/train.py:413 step:35K smpl:280K ep:182 epch:9.56 loss:0.021 grdn:0.271 lr:2.5e-06 updt_s:0.123 data_s:0.004
INFO 2025-12-19 16:35:06 rc/train.py:413 step:35K smpl:282K ep:183 epch:9.62 loss:0.022 grdn:0.284 lr:2.5e-06 updt_s:0.123 data_s:0.004
INFO 2025-12-19 16:35:31 rc/train.py:413 step:35K smpl:283K ep:184 epch:9.67 loss:0.022 grdn:0.265 lr:2.5e-06 updt_s:0.123 data_s:0.004
INFO 2025-12-19 16:35:57 rc/train.py:413 step:36K smpl:285K ep:185 epch:9.73 loss:0.021 grdn:0.276 lr:2.5e-06 updt_s:0.123 data_s:0.004
INFO 2025-12-19 16:36:22 rc/train.py:413 step:36K smpl:286K ep:186 epch:9.78 loss:0.020 grdn:0.270 lr:2.5e-06 updt_s:0.123 data_s:0.004
INFO 2025-12-19 16:36:48 rc/train.py:413 step:36K smpl:288K ep:187 epch:9.84 loss:0.021 grdn:0.282 lr:2.5e-06 updt_s:0.123 data_s:0.004
INFO 2025-12-19 16:37:13 rc/train.py:413 step:36K smpl:290K ep:188 epch:9.89 loss:0.022 grdn:0.279 lr:2.5e-06 updt_s:0.123 data_s:0.004
INFO 2025-12-19 16:37:39 rc/train.py:413 step:36K smpl:291K ep:189 epch:9.95 loss:0.022 grdn:0.272 lr:2.5e-06 updt_s:0.123 data_s:0.004
INFO 2025-12-19 16:38:05 rc/train.py:413 step:37K smpl:293K ep:190 epch:10.00 loss:0.020 grdn:0.266 lr:2.5e-06 updt_s:0.122 data_s:0.004
INFO 2025-12-19 16:38:30 rc/train.py:413 step:37K smpl:294K ep:191 epch:10.06 loss:0.022 grdn:0.286 lr:2.5e-06 updt_s:0.123 data_s:0.006
INFO 2025-12-19 16:38:56 rc/train.py:413 step:37K smpl:296K ep:192 epch:10.11 loss:0.021 grdn:0.274 lr:2.5e-06 updt_s:0.123 data_s:0.004
INFO 2025-12-19 16:39:22 rc/train.py:413 step:37K smpl:298K ep:193 epch:10.17 loss:0.022 grdn:0.272 lr:2.5e-06 updt_s:0.123 data_s:0.004
INFO 2025-12-19 16:39:47 rc/train.py:413 step:37K smpl:299K ep:194 epch:10.22 loss:0.022 grdn:0.276 lr:2.5e-06 updt_s:0.123 data_s:0.004
INFO 2025-12-19 16:40:12 rc/train.py:413 step:38K smpl:301K ep:195 epch:10.28 loss:0.022 grdn:0.270 lr:2.5e-06 updt_s:0.122 data_s:0.004
INFO 2025-12-19 16:40:38 rc/train.py:413 step:38K smpl:302K ep:196 epch:10.33 loss:0.022 grdn:0.279 lr:2.5e-06 updt_s:0.123 data_s:0.004
INFO 2025-12-19 16:41:04 rc/train.py:413 step:38K smpl:304K ep:197 epch:10.38 loss:0.022 grdn:0.285 lr:2.5e-06 updt_s:0.123 data_s:0.004
INFO 2025-12-19 16:41:29 rc/train.py:413 step:38K smpl:306K ep:198 epch:10.44 loss:0.020 grdn:0.257 lr:2.5e-06 updt_s:0.123 data_s:0.004
INFO 2025-12-19 16:41:55 rc/train.py:413 step:38K smpl:307K ep:199 epch:10.49 loss:0.020 grdn:0.267 lr:2.5e-06 updt_s:0.123 data_s:0.004
INFO 2025-12-19 16:42:20 rc/train.py:413 step:39K smpl:309K ep:200 epch:10.55 loss:0.022 grdn:0.284 lr:2.5e-06 updt_s:0.122 data_s:0.004
INFO 2025-12-19 16:42:46 rc/train.py:413 step:39K smpl:310K ep:201 epch:10.60 loss:0.022 grdn:0.283 lr:2.5e-06 updt_s:0.123 data_s:0.004
INFO 2025-12-19 16:43:11 rc/train.py:413 step:39K smpl:312K ep:203 epch:10.66 loss:0.021 grdn:0.271 lr:2.5e-06 updt_s:0.123 data_s:0.004
INFO 2025-12-19 16:43:37 rc/train.py:413 step:39K smpl:314K ep:204 epch:10.71 loss:0.020 grdn:0.281 lr:2.5e-06 updt_s:0.123 data_s:0.004
INFO 2025-12-19 16:44:02 rc/train.py:413 step:39K smpl:315K ep:205 epch:10.77 loss:0.022 grdn:0.281 lr:2.5e-06 updt_s:0.124 data_s:0.004
INFO 2025-12-19 16:44:28 rc/train.py:413 step:40K smpl:317K ep:206 epch:10.82 loss:0.021 grdn:0.277 lr:2.5e-06 updt_s:0.123 data_s:0.004
INFO 2025-12-19 16:44:53 rc/train.py:413 step:40K smpl:318K ep:207 epch:10.88 loss:0.020 grdn:0.269 lr:2.5e-06 updt_s:0.123 data_s:0.003
INFO 2025-12-19 16:45:19 rc/train.py:413 step:40K smpl:320K ep:208 epch:10.93 loss:0.020 grdn:0.263 lr:2.5e-06 updt_s:0.122 data_s:0.004
INFO 2025-12-19 16:45:19 rc/train.py:433 Checkpoint policy after step 40000
INFO 2025-12-19 16:45:46 rc/train.py:413 step:40K smpl:322K ep:209 epch:10.99 loss:0.020 grdn:0.260 lr:2.5e-06 updt_s:0.124 data_s:0.004
INFO 2025-12-19 16:46:12 rc/train.py:413 step:40K smpl:323K ep:210 epch:11.04 loss:0.021 grdn:0.269 lr:2.5e-06 updt_s:0.122 data_s:0.006
INFO 2025-12-19 16:46:37 rc/train.py:413 step:41K smpl:325K ep:211 epch:11.10 loss:0.020 grdn:0.265 lr:2.5e-06 updt_s:0.123 data_s:0.004
INFO 2025-12-19 16:47:03 rc/train.py:413 step:41K smpl:326K ep:212 epch:11.15 loss:0.022 grdn:0.283 lr:2.5e-06 updt_s:0.123 data_s:0.004
INFO 2025-12-19 16:47:28 rc/train.py:413 step:41K smpl:328K ep:213 epch:11.20 loss:0.021 grdn:0.276 lr:2.5e-06 updt_s:0.123 data_s:0.004
INFO 2025-12-19 16:47:54 rc/train.py:413 step:41K smpl:330K ep:214 epch:11.26 loss:0.020 grdn:0.267 lr:2.5e-06 updt_s:0.123 data_s:0.004
INFO 2025-12-19 16:48:20 rc/train.py:413 step:41K smpl:331K ep:215 epch:11.31 loss:0.021 grdn:0.283 lr:2.5e-06 updt_s:0.124 data_s:0.004
INFO 2025-12-19 16:48:45 rc/train.py:413 step:42K smpl:333K ep:216 epch:11.37 loss:0.021 grdn:0.272 lr:2.5e-06 updt_s:0.123 data_s:0.004
INFO 2025-12-19 16:49:11 rc/train.py:413 step:42K smpl:334K ep:217 epch:11.42 loss:0.021 grdn:0.278 lr:2.5e-06 updt_s:0.123 data_s:0.004
INFO 2025-12-19 16:49:36 rc/train.py:413 step:42K smpl:336K ep:218 epch:11.48 loss:0.022 grdn:0.284 lr:2.5e-06 updt_s:0.123 data_s:0.004
INFO 2025-12-19 16:50:02 rc/train.py:413 step:42K smpl:338K ep:219 epch:11.53 loss:0.021 grdn:0.270 lr:2.5e-06 updt_s:0.123 data_s:0.004
INFO 2025-12-19 16:50:28 rc/train.py:413 step:42K smpl:339K ep:220 epch:11.59 loss:0.021 grdn:0.279 lr:2.5e-06 updt_s:0.123 data_s:0.004
INFO 2025-12-19 16:50:53 rc/train.py:413 step:43K smpl:341K ep:221 epch:11.64 loss:0.022 grdn:0.284 lr:2.5e-06 updt_s:0.123 data_s:0.004
INFO 2025-12-19 16:51:19 rc/train.py:413 step:43K smpl:342K ep:222 epch:11.70 loss:0.022 grdn:0.279 lr:2.5e-06 updt_s:0.123 data_s:0.004
INFO 2025-12-19 16:51:44 rc/train.py:413 step:43K smpl:344K ep:223 epch:11.75 loss:0.021 grdn:0.284 lr:2.5e-06 updt_s:0.123 data_s:0.004
INFO 2025-12-19 16:52:10 rc/train.py:413 step:43K smpl:346K ep:224 epch:11.81 loss:0.021 grdn:0.276 lr:2.5e-06 updt_s:0.123 data_s:0.004
INFO 2025-12-19 16:52:35 rc/train.py:413 step:43K smpl:347K ep:225 epch:11.86 loss:0.021 grdn:0.272 lr:2.5e-06 updt_s:0.123 data_s:0.004
INFO 2025-12-19 16:53:01 rc/train.py:413 step:44K smpl:349K ep:226 epch:11.92 loss:0.021 grdn:0.277 lr:2.5e-06 updt_s:0.123 data_s:0.004
INFO 2025-12-19 16:53:26 rc/train.py:413 step:44K smpl:350K ep:227 epch:11.97 loss:0.020 grdn:0.270 lr:2.5e-06 updt_s:0.123 data_s:0.004
INFO 2025-12-19 16:53:52 rc/train.py:413 step:44K smpl:352K ep:228 epch:12.02 loss:0.021 grdn:0.270 lr:2.5e-06 updt_s:0.122 data_s:0.006
INFO 2025-12-19 16:54:18 rc/train.py:413 step:44K smpl:354K ep:230 epch:12.08 loss:0.020 grdn:0.260 lr:2.5e-06 updt_s:0.123 data_s:0.004
INFO 2025-12-19 16:54:43 rc/train.py:413 step:44K smpl:355K ep:231 epch:12.13 loss:0.023 grdn:0.292 lr:2.5e-06 updt_s:0.123 data_s:0.004
INFO 2025-12-19 16:55:09 rc/train.py:413 step:45K smpl:357K ep:232 epch:12.19 loss:0.021 grdn:0.276 lr:2.5e-06 updt_s:0.123 data_s:0.004
INFO 2025-12-19 16:55:34 rc/train.py:413 step:45K smpl:358K ep:233 epch:12.24 loss:0.020 grdn:0.261 lr:2.5e-06 updt_s:0.123 data_s:0.004
INFO 2025-12-19 16:56:00 rc/train.py:413 step:45K smpl:360K ep:234 epch:12.30 loss:0.020 grdn:0.262 lr:2.5e-06 updt_s:0.123 data_s:0.004
INFO 2025-12-19 16:56:25 rc/train.py:413 step:45K smpl:362K ep:235 epch:12.35 loss:0.020 grdn:0.276 lr:2.5e-06 updt_s:0.123 data_s:0.004
INFO 2025-12-19 16:56:51 rc/train.py:413 step:45K smpl:363K ep:236 epch:12.41 loss:0.022 grdn:0.282 lr:2.5e-06 updt_s:0.123 data_s:0.004
INFO 2025-12-19 16:57:17 rc/train.py:413 step:46K smpl:365K ep:237 epch:12.46 loss:0.020 grdn:0.278 lr:2.5e-06 updt_s:0.124 data_s:0.004
INFO 2025-12-19 16:57:42 rc/train.py:413 step:46K smpl:366K ep:238 epch:12.52 loss:0.021 grdn:0.282 lr:2.5e-06 updt_s:0.123 data_s:0.004
INFO 2025-12-19 16:58:08 rc/train.py:413 step:46K smpl:368K ep:239 epch:12.57 loss:0.021 grdn:0.273 lr:2.5e-06 updt_s:0.123 data_s:0.004
INFO 2025-12-19 16:58:33 rc/train.py:413 step:46K smpl:370K ep:240 epch:12.63 loss:0.022 grdn:0.283 lr:2.5e-06 updt_s:0.123 data_s:0.004
INFO 2025-12-19 16:58:59 rc/train.py:413 step:46K smpl:371K ep:241 epch:12.68 loss:0.021 grdn:0.284 lr:2.5e-06 updt_s:0.123 data_s:0.004
INFO 2025-12-19 16:59:24 rc/train.py:413 step:47K smpl:373K ep:242 epch:12.73 loss:0.022 grdn:0.292 lr:2.5e-06 updt_s:0.123 data_s:0.004
INFO 2025-12-19 16:59:50 rc/train.py:413 step:47K smpl:374K ep:243 epch:12.79 loss:0.021 grdn:0.270 lr:2.5e-06 updt_s:0.123 data_s:0.004
INFO 2025-12-19 17:00:16 rc/train.py:413 step:47K smpl:376K ep:244 epch:12.84 loss:0.021 grdn:0.284 lr:2.5e-06 updt_s:0.123 data_s:0.003
INFO 2025-12-19 17:00:41 rc/train.py:413 step:47K smpl:378K ep:245 epch:12.90 loss:0.020 grdn:0.259 lr:2.5e-06 updt_s:0.123 data_s:0.004
INFO 2025-12-19 17:01:07 rc/train.py:413 step:47K smpl:379K ep:246 epch:12.95 loss:0.021 grdn:0.273 lr:2.5e-06 updt_s:0.123 data_s:0.004
INFO 2025-12-19 17:01:32 rc/train.py:413 step:48K smpl:381K ep:247 epch:13.01 loss:0.022 grdn:0.285 lr:2.5e-06 updt_s:0.121 data_s:0.006
INFO 2025-12-19 17:01:58 rc/train.py:413 step:48K smpl:382K ep:248 epch:13.06 loss:0.022 grdn:0.284 lr:2.5e-06 updt_s:0.123 data_s:0.004
INFO 2025-12-19 17:02:23 rc/train.py:413 step:48K smpl:384K ep:249 epch:13.12 loss:0.021 grdn:0.287 lr:2.5e-06 updt_s:0.123 data_s:0.004
INFO 2025-12-19 17:02:49 rc/train.py:413 step:48K smpl:386K ep:250 epch:13.17 loss:0.022 grdn:0.277 lr:2.5e-06 updt_s:0.123 data_s:0.004
INFO 2025-12-19 17:03:14 rc/train.py:413 step:48K smpl:387K ep:251 epch:13.23 loss:0.022 grdn:0.279 lr:2.5e-06 updt_s:0.123 data_s:0.004
INFO 2025-12-19 17:03:40 rc/train.py:413 step:49K smpl:389K ep:252 epch:13.28 loss:0.020 grdn:0.265 lr:2.5e-06 updt_s:0.123 data_s:0.004
INFO 2025-12-19 17:04:06 rc/train.py:413 step:49K smpl:390K ep:253 epch:13.34 loss:0.021 grdn:0.275 lr:2.5e-06 updt_s:0.123 data_s:0.004
INFO 2025-12-19 17:04:31 rc/train.py:413 step:49K smpl:392K ep:254 epch:13.39 loss:0.021 grdn:0.274 lr:2.5e-06 updt_s:0.123 data_s:0.004
INFO 2025-12-19 17:04:57 rc/train.py:413 step:49K smpl:394K ep:255 epch:13.45 loss:0.020 grdn:0.274 lr:2.5e-06 updt_s:0.123 data_s:0.004
INFO 2025-12-19 17:05:22 rc/train.py:413 step:49K smpl:395K ep:257 epch:13.50 loss:0.022 grdn:0.301 lr:2.5e-06 updt_s:0.123 data_s:0.004
INFO 2025-12-19 17:05:48 rc/train.py:413 step:50K smpl:397K ep:258 epch:13.55 loss:0.021 grdn:0.274 lr:2.5e-06 updt_s:0.123 data_s:0.004
INFO 2025-12-19 17:06:13 rc/train.py:413 step:50K smpl:398K ep:259 epch:13.61 loss:0.021 grdn:0.288 lr:2.5e-06 updt_s:0.123 data_s:0.004
INFO 2025-12-19 17:06:39 rc/train.py:413 step:50K smpl:400K ep:260 epch:13.66 loss:0.022 grdn:0.274 lr:2.5e-06 updt_s:0.124 data_s:0.004
INFO 2025-12-19 17:07:05 rc/train.py:413 step:50K smpl:402K ep:261 epch:13.72 loss:0.020 grdn:0.265 lr:2.5e-06 updt_s:0.123 data_s:0.004
INFO 2025-12-19 17:07:30 rc/train.py:413 step:50K smpl:403K ep:262 epch:13.77 loss:0.021 grdn:0.279 lr:2.5e-06 updt_s:0.123 data_s:0.004
INFO 2025-12-19 17:07:56 rc/train.py:413 step:51K smpl:405K ep:263 epch:13.83 loss:0.022 grdn:0.283 lr:2.5e-06 updt_s:0.123 data_s:0.004
INFO 2025-12-19 17:08:21 rc/train.py:413 step:51K smpl:406K ep:264 epch:13.88 loss:0.021 grdn:0.290 lr:2.5e-06 updt_s:0.123 data_s:0.004
INFO 2025-12-19 17:08:47 rc/train.py:413 step:51K smpl:408K ep:265 epch:13.94 loss:0.022 grdn:0.276 lr:2.5e-06 updt_s:0.123 data_s:0.004
INFO 2025-12-19 17:09:13 rc/train.py:413 step:51K smpl:410K ep:266 epch:13.99 loss:0.023 grdn:0.294 lr:2.5e-06 updt_s:0.125 data_s:0.004
INFO 2025-12-19 17:09:39 rc/train.py:413 step:51K smpl:411K ep:267 epch:14.05 loss:0.021 grdn:0.280 lr:2.5e-06 updt_s:0.122 data_s:0.006
INFO 2025-12-19 17:10:04 rc/train.py:413 step:52K smpl:413K ep:268 epch:14.10 loss:0.021 grdn:0.282 lr:2.5e-06 updt_s:0.123 data_s:0.004
INFO 2025-12-19 17:10:30 rc/train.py:413 step:52K smpl:414K ep:269 epch:14.16 loss:0.022 grdn:0.281 lr:2.5e-06 updt_s:0.123 data_s:0.004
INFO 2025-12-19 17:10:55 rc/train.py:413 step:52K smpl:416K ep:270 epch:14.21 loss:0.020 grdn:0.263 lr:2.5e-06 updt_s:0.123 data_s:0.004
INFO 2025-12-19 17:11:21 rc/train.py:413 step:52K smpl:418K ep:271 epch:14.27 loss:0.021 grdn:0.287 lr:2.5e-06 updt_s:0.123 data_s:0.004
INFO 2025-12-19 17:11:46 rc/train.py:413 step:52K smpl:419K ep:272 epch:14.32 loss:0.021 grdn:0.280 lr:2.5e-06 updt_s:0.123 data_s:0.004
INFO 2025-12-19 17:12:12 rc/train.py:413 step:53K smpl:421K ep:273 epch:14.37 loss:0.021 grdn:0.276 lr:2.5e-06 updt_s:0.123 data_s:0.003
INFO 2025-12-19 17:12:38 rc/train.py:413 step:53K smpl:422K ep:274 epch:14.43 loss:0.022 grdn:0.268 lr:2.5e-06 updt_s:0.123 data_s:0.004
INFO 2025-12-19 17:13:03 rc/train.py:413 step:53K smpl:424K ep:275 epch:14.48 loss:0.021 grdn:0.279 lr:2.5e-06 updt_s:0.123 data_s:0.004
INFO 2025-12-19 17:13:29 rc/train.py:413 step:53K smpl:426K ep:276 epch:14.54 loss:0.024 grdn:0.302 lr:2.5e-06 updt_s:0.123 data_s:0.004
INFO 2025-12-19 17:13:54 rc/train.py:413 step:53K smpl:427K ep:277 epch:14.59 loss:0.020 grdn:0.280 lr:2.5e-06 updt_s:0.123 data_s:0.004
INFO 2025-12-19 17:14:20 rc/train.py:413 step:54K smpl:429K ep:278 epch:14.65 loss:0.021 grdn:0.282 lr:2.5e-06 updt_s:0.123 data_s:0.004
INFO 2025-12-19 17:14:45 rc/train.py:413 step:54K smpl:430K ep:279 epch:14.70 loss:0.021 grdn:0.296 lr:2.5e-06 updt_s:0.123 data_s:0.004
INFO 2025-12-19 17:15:11 rc/train.py:413 step:54K smpl:432K ep:280 epch:14.76 loss:0.020 grdn:0.276 lr:2.5e-06 updt_s:0.123 data_s:0.004
INFO 2025-12-19 17:15:37 rc/train.py:413 step:54K smpl:434K ep:281 epch:14.81 loss:0.020 grdn:0.264 lr:2.5e-06 updt_s:0.123 data_s:0.004
INFO 2025-12-19 17:16:02 rc/train.py:413 step:54K smpl:435K ep:282 epch:14.87 loss:0.021 grdn:0.272 lr:2.5e-06 updt_s:0.123 data_s:0.004
INFO 2025-12-19 17:16:28 rc/train.py:413 step:55K smpl:437K ep:284 epch:14.92 loss:0.021 grdn:0.287 lr:2.5e-06 updt_s:0.123 data_s:0.004
INFO 2025-12-19 17:16:53 rc/train.py:413 step:55K smpl:438K ep:285 epch:14.98 loss:0.020 grdn:0.275 lr:2.5e-06 updt_s:0.123 data_s:0.004
INFO 2025-12-19 17:17:19 rc/train.py:413 step:55K smpl:440K ep:286 epch:15.03 loss:0.022 grdn:0.295 lr:2.5e-06 updt_s:0.122 data_s:0.006
INFO 2025-12-19 17:17:45 rc/train.py:413 step:55K smpl:442K ep:287 epch:15.09 loss:0.021 grdn:0.278 lr:2.5e-06 updt_s:0.123 data_s:0.004
INFO 2025-12-19 17:18:10 rc/train.py:413 step:55K smpl:443K ep:288 epch:15.14 loss:0.020 grdn:0.267 lr:2.5e-06 updt_s:0.123 data_s:0.004
INFO 2025-12-19 17:18:36 rc/train.py:413 step:56K smpl:445K ep:289 epch:15.19 loss:0.021 grdn:0.266 lr:2.5e-06 updt_s:0.122 data_s:0.004
INFO 2025-12-19 17:19:01 rc/train.py:413 step:56K smpl:446K ep:290 epch:15.25 loss:0.020 grdn:0.265 lr:2.5e-06 updt_s:0.123 data_s:0.004
INFO 2025-12-19 17:19:27 rc/train.py:413 step:56K smpl:448K ep:291 epch:15.30 loss:0.021 grdn:0.273 lr:2.5e-06 updt_s:0.123 data_s:0.004
INFO 2025-12-19 17:19:52 rc/train.py:413 step:56K smpl:450K ep:292 epch:15.36 loss:0.021 grdn:0.269 lr:2.5e-06 updt_s:0.123 data_s:0.004
INFO 2025-12-19 17:20:18 rc/train.py:413 step:56K smpl:451K ep:293 epch:15.41 loss:0.021 grdn:0.264 lr:2.5e-06 updt_s:0.123 data_s:0.004
INFO 2025-12-19 17:20:43 rc/train.py:413 step:57K smpl:453K ep:294 epch:15.47 loss:0.021 grdn:0.268 lr:2.5e-06 updt_s:0.123 data_s:0.004
INFO 2025-12-19 17:21:09 rc/train.py:413 step:57K smpl:454K ep:295 epch:15.52 loss:0.021 grdn:0.272 lr:2.5e-06 updt_s:0.122 data_s:0.004
INFO 2025-12-19 17:21:34 rc/train.py:413 step:57K smpl:456K ep:296 epch:15.58 loss:0.020 grdn:0.265 lr:2.5e-06 updt_s:0.123 data_s:0.004
INFO 2025-12-19 17:22:00 rc/train.py:413 step:57K smpl:458K ep:297 epch:15.63 loss:0.021 grdn:0.274 lr:2.5e-06 updt_s:0.123 data_s:0.004
INFO 2025-12-19 17:22:25 rc/train.py:413 step:57K smpl:459K ep:298 epch:15.69 loss:0.020 grdn:0.265 lr:2.5e-06 updt_s:0.123 data_s:0.004
INFO 2025-12-19 17:22:51 rc/train.py:413 step:58K smpl:461K ep:299 epch:15.74 loss:0.022 grdn:0.275 lr:2.5e-06 updt_s:0.123 data_s:0.004
INFO 2025-12-19 17:23:17 rc/train.py:413 step:58K smpl:462K ep:300 epch:15.80 loss:0.021 grdn:0.278 lr:2.5e-06 updt_s:0.123 data_s:0.004
INFO 2025-12-19 17:23:42 rc/train.py:413 step:58K smpl:464K ep:301 epch:15.85 loss:0.020 grdn:0.262 lr:2.5e-06 updt_s:0.123 data_s:0.004
INFO 2025-12-19 17:24:08 rc/train.py:413 step:58K smpl:466K ep:302 epch:15.90 loss:0.022 grdn:0.280 lr:2.5e-06 updt_s:0.123 data_s:0.004
INFO 2025-12-19 17:24:33 rc/train.py:413 step:58K smpl:467K ep:303 epch:15.96 loss:0.021 grdn:0.267 lr:2.5e-06 updt_s:0.123 data_s:0.004
INFO 2025-12-19 17:24:59 rc/train.py:413 step:59K smpl:469K ep:304 epch:16.01 loss:0.021 grdn:0.282 lr:2.5e-06 updt_s:0.122 data_s:0.006
INFO 2025-12-19 17:25:25 rc/train.py:413 step:59K smpl:470K ep:305 epch:16.07 loss:0.021 grdn:0.278 lr:2.5e-06 updt_s:0.123 data_s:0.004
INFO 2025-12-19 17:25:50 rc/train.py:413 step:59K smpl:472K ep:306 epch:16.12 loss:0.020 grdn:0.264 lr:2.5e-06 updt_s:0.123 data_s:0.004
INFO 2025-12-19 17:26:16 rc/train.py:413 step:59K smpl:474K ep:307 epch:16.18 loss:0.021 grdn:0.273 lr:2.5e-06 updt_s:0.123 data_s:0.004
INFO 2025-12-19 17:26:42 rc/train.py:413 step:59K smpl:475K ep:308 epch:16.23 loss:0.021 grdn:0.280 lr:2.5e-06 updt_s:0.123 data_s:0.004
INFO 2025-12-19 17:27:07 rc/train.py:413 step:60K smpl:477K ep:309 epch:16.29 loss:0.020 grdn:0.271 lr:2.5e-06 updt_s:0.123 data_s:0.004
INFO 2025-12-19 17:27:33 rc/train.py:413 step:60K smpl:478K ep:311 epch:16.34 loss:0.021 grdn:0.289 lr:2.5e-06 updt_s:0.123 data_s:0.004
INFO 2025-12-19 17:27:58 rc/train.py:413 step:60K smpl:480K ep:312 epch:16.40 loss:0.021 grdn:0.281 lr:2.5e-06 updt_s:0.123 data_s:0.004
INFO 2025-12-19 17:27:58 rc/train.py:433 Checkpoint policy after step 60000
INFO 2025-12-19 17:28:25 rc/train.py:413 step:60K smpl:482K ep:313 epch:16.45 loss:0.021 grdn:0.271 lr:2.5e-06 updt_s:0.123 data_s:0.004
INFO 2025-12-19 17:28:51 rc/train.py:413 step:60K smpl:483K ep:314 epch:16.51 loss:0.021 grdn:0.274 lr:2.5e-06 updt_s:0.123 data_s:0.004
INFO 2025-12-19 17:29:17 rc/train.py:413 step:61K smpl:485K ep:315 epch:16.56 loss:0.021 grdn:0.293 lr:2.5e-06 updt_s:0.123 data_s:0.004
INFO 2025-12-19 17:29:42 rc/train.py:413 step:61K smpl:486K ep:316 epch:16.62 loss:0.021 grdn:0.297 lr:2.5e-06 updt_s:0.123 data_s:0.004
INFO 2025-12-19 17:30:08 rc/train.py:413 step:61K smpl:488K ep:317 epch:16.67 loss:0.022 grdn:0.289 lr:2.5e-06 updt_s:0.122 data_s:0.004
INFO 2025-12-19 17:30:33 rc/train.py:413 step:61K smpl:490K ep:318 epch:16.72 loss:0.021 grdn:0.280 lr:2.5e-06 updt_s:0.123 data_s:0.004
INFO 2025-12-19 17:30:59 rc/train.py:413 step:61K smpl:491K ep:319 epch:16.78 loss:0.021 grdn:0.284 lr:2.5e-06 updt_s:0.123 data_s:0.004
INFO 2025-12-19 17:31:24 rc/train.py:413 step:62K smpl:493K ep:320 epch:16.83 loss:0.020 grdn:0.267 lr:2.5e-06 updt_s:0.123 data_s:0.004
INFO 2025-12-19 17:31:50 rc/train.py:413 step:62K smpl:494K ep:321 epch:16.89 loss:0.022 grdn:0.276 lr:2.5e-06 updt_s:0.122 data_s:0.004
INFO 2025-12-19 17:32:15 rc/train.py:413 step:62K smpl:496K ep:322 epch:16.94 loss:0.022 grdn:0.278 lr:2.5e-06 updt_s:0.123 data_s:0.004
INFO 2025-12-19 17:32:41 rc/train.py:413 step:62K smpl:498K ep:323 epch:17.00 loss:0.021 grdn:0.285 lr:2.5e-06 updt_s:0.123 data_s:0.004
INFO 2025-12-19 17:33:07 rc/train.py:413 step:62K smpl:499K ep:324 epch:17.05 loss:0.021 grdn:0.289 lr:2.5e-06 updt_s:0.122 data_s:0.006
INFO 2025-12-19 17:33:32 rc/train.py:413 step:63K smpl:501K ep:325 epch:17.11 loss:0.020 grdn:0.262 lr:2.5e-06 updt_s:0.123 data_s:0.004
INFO 2025-12-19 17:33:58 rc/train.py:413 step:63K smpl:502K ep:326 epch:17.16 loss:0.021 grdn:0.272 lr:2.5e-06 updt_s:0.123 data_s:0.004
INFO 2025-12-19 17:34:24 rc/train.py:413 step:63K smpl:504K ep:327 epch:17.22 loss:0.022 grdn:0.272 lr:2.5e-06 updt_s:0.123 data_s:0.004
INFO 2025-12-19 17:34:49 rc/train.py:413 step:63K smpl:506K ep:328 epch:17.27 loss:0.021 grdn:0.283 lr:2.5e-06 updt_s:0.123 data_s:0.004
INFO 2025-12-19 17:35:15 rc/train.py:413 step:63K smpl:507K ep:329 epch:17.33 loss:0.021 grdn:0.283 lr:2.5e-06 updt_s:0.124 data_s:0.004
INFO 2025-12-19 17:35:40 rc/train.py:413 step:64K smpl:509K ep:330 epch:17.38 loss:0.022 grdn:0.284 lr:2.5e-06 updt_s:0.123 data_s:0.004
INFO 2025-12-19 17:36:06 rc/train.py:413 step:64K smpl:510K ep:331 epch:17.44 loss:0.021 grdn:0.268 lr:2.5e-06 updt_s:0.123 data_s:0.004
INFO 2025-12-19 17:36:31 rc/train.py:413 step:64K smpl:512K ep:332 epch:17.49 loss:0.020 grdn:0.271 lr:2.5e-06 updt_s:0.123 data_s:0.004
INFO 2025-12-19 17:36:57 rc/train.py:413 step:64K smpl:514K ep:333 epch:17.54 loss:0.023 grdn:0.282 lr:2.5e-06 updt_s:0.123 data_s:0.004
INFO 2025-12-19 17:37:23 rc/train.py:413 step:64K smpl:515K ep:334 epch:17.60 loss:0.021 grdn:0.274 lr:2.5e-06 updt_s:0.123 data_s:0.004
INFO 2025-12-19 17:37:48 rc/train.py:413 step:65K smpl:517K ep:335 epch:17.65 loss:0.023 grdn:0.275 lr:2.5e-06 updt_s:0.123 data_s:0.004
INFO 2025-12-19 17:38:14 rc/train.py:413 step:65K smpl:518K ep:336 epch:17.71 loss:0.021 grdn:0.269 lr:2.5e-06 updt_s:0.123 data_s:0.004
INFO 2025-12-19 17:38:39 rc/train.py:413 step:65K smpl:520K ep:338 epch:17.76 loss:0.022 grdn:0.280 lr:2.5e-06 updt_s:0.123 data_s:0.004
INFO 2025-12-19 17:39:05 rc/train.py:413 step:65K smpl:522K ep:339 epch:17.82 loss:0.021 grdn:0.287 lr:2.5e-06 updt_s:0.123 data_s:0.004
INFO 2025-12-19 17:39:30 rc/train.py:413 step:65K smpl:523K ep:340 epch:17.87 loss:0.020 grdn:0.267 lr:2.5e-06 updt_s:0.123 data_s:0.004
INFO 2025-12-19 17:39:56 rc/train.py:413 step:66K smpl:525K ep:341 epch:17.93 loss:0.020 grdn:0.271 lr:2.5e-06 updt_s:0.123 data_s:0.004
INFO 2025-12-19 17:40:21 rc/train.py:413 step:66K smpl:526K ep:342 epch:17.98 loss:0.022 grdn:0.291 lr:2.5e-06 updt_s:0.123 data_s:0.004
INFO 2025-12-19 17:40:47 rc/train.py:413 step:66K smpl:528K ep:343 epch:18.04 loss:0.022 grdn:0.275 lr:2.5e-06 updt_s:0.122 data_s:0.006
INFO 2025-12-19 17:41:13 rc/train.py:413 step:66K smpl:530K ep:344 epch:18.09 loss:0.021 grdn:0.276 lr:2.5e-06 updt_s:0.123 data_s:0.004
INFO 2025-12-19 17:41:38 rc/train.py:413 step:66K smpl:531K ep:345 epch:18.15 loss:0.021 grdn:0.280 lr:2.5e-06 updt_s:0.123 data_s:0.004
INFO 2025-12-19 17:42:04 rc/train.py:413 step:67K smpl:533K ep:346 epch:18.20 loss:0.020 grdn:0.270 lr:2.5e-06 updt_s:0.123 data_s:0.004
INFO 2025-12-19 17:42:29 rc/train.py:413 step:67K smpl:534K ep:347 epch:18.26 loss:0.021 grdn:0.281 lr:2.5e-06 updt_s:0.123 data_s:0.004
INFO 2025-12-19 17:42:55 rc/train.py:413 step:67K smpl:536K ep:348 epch:18.31 loss:0.021 grdn:0.285 lr:2.5e-06 updt_s:0.123 data_s:0.004
INFO 2025-12-19 17:43:20 rc/train.py:413 step:67K smpl:538K ep:349 epch:18.36 loss:0.021 grdn:0.283 lr:2.5e-06 updt_s:0.123 data_s:0.004
INFO 2025-12-19 17:43:46 rc/train.py:413 step:67K smpl:539K ep:350 epch:18.42 loss:0.020 grdn:0.284 lr:2.5e-06 updt_s:0.123 data_s:0.004
INFO 2025-12-19 17:44:11 rc/train.py:413 step:68K smpl:541K ep:351 epch:18.47 loss:0.021 grdn:0.272 lr:2.5e-06 updt_s:0.123 data_s:0.004
INFO 2025-12-19 17:44:37 rc/train.py:413 step:68K smpl:542K ep:352 epch:18.53 loss:0.020 grdn:0.256 lr:2.5e-06 updt_s:0.123 data_s:0.004
INFO 2025-12-19 17:45:03 rc/train.py:413 step:68K smpl:544K ep:353 epch:18.58 loss:0.020 grdn:0.265 lr:2.5e-06 updt_s:0.123 data_s:0.004
INFO 2025-12-19 17:45:28 rc/train.py:413 step:68K smpl:546K ep:354 epch:18.64 loss:0.021 grdn:0.270 lr:2.5e-06 updt_s:0.123 data_s:0.004
INFO 2025-12-19 17:45:54 rc/train.py:413 step:68K smpl:547K ep:355 epch:18.69 loss:0.021 grdn:0.284 lr:2.5e-06 updt_s:0.123 data_s:0.004
INFO 2025-12-19 17:46:19 rc/train.py:413 step:69K smpl:549K ep:356 epch:18.75 loss:0.021 grdn:0.270 lr:2.5e-06 updt_s:0.123 data_s:0.004
INFO 2025-12-19 17:46:45 rc/train.py:413 step:69K smpl:550K ep:357 epch:18.80 loss:0.020 grdn:0.283 lr:2.5e-06 updt_s:0.123 data_s:0.004
INFO 2025-12-19 17:47:11 rc/train.py:413 step:69K smpl:552K ep:358 epch:18.86 loss:0.022 grdn:0.296 lr:2.5e-06 updt_s:0.123 data_s:0.004
INFO 2025-12-19 17:47:36 rc/train.py:413 step:69K smpl:554K ep:359 epch:18.91 loss:0.020 grdn:0.277 lr:2.5e-06 updt_s:0.124 data_s:0.004
INFO 2025-12-19 17:48:02 rc/train.py:413 step:69K smpl:555K ep:360 epch:18.97 loss:0.021 grdn:0.272 lr:2.5e-06 updt_s:0.123 data_s:0.004
INFO 2025-12-19 17:48:28 rc/train.py:413 step:70K smpl:557K ep:361 epch:19.02 loss:0.022 grdn:0.283 lr:2.5e-06 updt_s:0.122 data_s:0.006
INFO 2025-12-19 17:48:53 rc/train.py:413 step:70K smpl:558K ep:362 epch:19.07 loss:0.023 grdn:0.279 lr:2.5e-06 updt_s:0.123 data_s:0.004
INFO 2025-12-19 17:49:19 rc/train.py:413 step:70K smpl:560K ep:363 epch:19.13 loss:0.019 grdn:0.253 lr:2.5e-06 updt_s:0.123 data_s:0.004
INFO 2025-12-19 17:49:44 rc/train.py:413 step:70K smpl:562K ep:365 epch:19.18 loss:0.020 grdn:0.266 lr:2.5e-06 updt_s:0.123 data_s:0.004
INFO 2025-12-19 17:50:10 rc/train.py:413 step:70K smpl:563K ep:366 epch:19.24 loss:0.020 grdn:0.263 lr:2.5e-06 updt_s:0.123 data_s:0.004
INFO 2025-12-19 17:50:35 rc/train.py:413 step:71K smpl:565K ep:367 epch:19.29 loss:0.021 grdn:0.295 lr:2.5e-06 updt_s:0.123 data_s:0.004
INFO 2025-12-19 17:51:01 rc/train.py:413 step:71K smpl:566K ep:368 epch:19.35 loss:0.021 grdn:0.268 lr:2.5e-06 updt_s:0.123 data_s:0.004
INFO 2025-12-19 17:51:27 rc/train.py:413 step:71K smpl:568K ep:369 epch:19.40 loss:0.023 grdn:0.304 lr:2.5e-06 updt_s:0.123 data_s:0.004
INFO 2025-12-19 17:51:52 rc/train.py:413 step:71K smpl:570K ep:370 epch:19.46 loss:0.020 grdn:0.268 lr:2.5e-06 updt_s:0.123 data_s:0.004
INFO 2025-12-19 17:52:18 rc/train.py:413 step:71K smpl:571K ep:371 epch:19.51 loss:0.022 grdn:0.278 lr:2.5e-06 updt_s:0.122 data_s:0.004
INFO 2025-12-19 17:52:43 rc/train.py:413 step:72K smpl:573K ep:372 epch:19.57 loss:0.021 grdn:0.270 lr:2.5e-06 updt_s:0.123 data_s:0.004
INFO 2025-12-19 17:53:09 rc/train.py:413 step:72K smpl:574K ep:373 epch:19.62 loss:0.020 grdn:0.272 lr:2.5e-06 updt_s:0.123 data_s:0.004
INFO 2025-12-19 17:53:34 rc/train.py:413 step:72K smpl:576K ep:374 epch:19.68 loss:0.021 grdn:0.272 lr:2.5e-06 updt_s:0.123 data_s:0.004
INFO 2025-12-19 17:54:00 rc/train.py:413 step:72K smpl:578K ep:375 epch:19.73 loss:0.022 grdn:0.277 lr:2.5e-06 updt_s:0.124 data_s:0.004
INFO 2025-12-19 17:54:25 rc/train.py:413 step:72K smpl:579K ep:376 epch:19.79 loss:0.022 grdn:0.291 lr:2.5e-06 updt_s:0.122 data_s:0.004
INFO 2025-12-19 17:54:51 rc/train.py:413 step:73K smpl:581K ep:377 epch:19.84 loss:0.020 grdn:0.276 lr:2.5e-06 updt_s:0.123 data_s:0.004
INFO 2025-12-19 17:55:17 rc/train.py:413 step:73K smpl:582K ep:378 epch:19.89 loss:0.019 grdn:0.265 lr:2.5e-06 updt_s:0.123 data_s:0.004
INFO 2025-12-19 17:55:42 rc/train.py:413 step:73K smpl:584K ep:379 epch:19.95 loss:0.021 grdn:0.263 lr:2.5e-06 updt_s:0.123 data_s:0.004
INFO 2025-12-19 17:56:07 rc/train.py:413 step:73K smpl:586K ep:380 epch:20.00 loss:0.020 grdn:0.282 lr:2.5e-06 updt_s:0.122 data_s:0.004
INFO 2025-12-19 17:56:33 rc/train.py:413 step:73K smpl:587K ep:381 epch:20.06 loss:0.021 grdn:0.284 lr:2.5e-06 updt_s:0.123 data_s:0.006
INFO 2025-12-19 17:56:59 rc/train.py:413 step:74K smpl:589K ep:382 epch:20.11 loss:0.021 grdn:0.271 lr:2.5e-06 updt_s:0.123 data_s:0.004
INFO 2025-12-19 17:57:24 rc/train.py:413 step:74K smpl:590K ep:383 epch:20.17 loss:0.020 grdn:0.263 lr:2.5e-06 updt_s:0.123 data_s:0.004
INFO 2025-12-19 17:57:50 rc/train.py:413 step:74K smpl:592K ep:384 epch:20.22 loss:0.020 grdn:0.268 lr:2.5e-06 updt_s:0.123 data_s:0.004
INFO 2025-12-19 17:58:15 rc/train.py:413 step:74K smpl:594K ep:385 epch:20.28 loss:0.019 grdn:0.275 lr:2.5e-06 updt_s:0.122 data_s:0.004
INFO 2025-12-19 17:58:41 rc/train.py:413 step:74K smpl:595K ep:386 epch:20.33 loss:0.020 grdn:0.264 lr:2.5e-06 updt_s:0.123 data_s:0.004
INFO 2025-12-19 17:59:07 rc/train.py:413 step:75K smpl:597K ep:387 epch:20.39 loss:0.023 grdn:0.301 lr:2.5e-06 updt_s:0.123 data_s:0.004
INFO 2025-12-19 17:59:32 rc/train.py:413 step:75K smpl:598K ep:388 epch:20.44 loss:0.021 grdn:0.273 lr:2.5e-06 updt_s:0.123 data_s:0.004
INFO 2025-12-19 17:59:58 rc/train.py:413 step:75K smpl:600K ep:389 epch:20.50 loss:0.020 grdn:0.263 lr:2.5e-06 updt_s:0.123 data_s:0.004
INFO 2025-12-19 18:00:23 rc/train.py:413 step:75K smpl:602K ep:390 epch:20.55 loss:0.022 grdn:0.278 lr:2.5e-06 updt_s:0.123 data_s:0.004
INFO 2025-12-19 18:00:49 rc/train.py:413 step:75K smpl:603K ep:392 epch:20.61 loss:0.021 grdn:0.270 lr:2.5e-06 updt_s:0.123 data_s:0.004
INFO 2025-12-19 18:01:15 rc/train.py:413 step:76K smpl:605K ep:393 epch:20.66 loss:0.020 grdn:0.271 lr:2.5e-06 updt_s:0.123 data_s:0.004
INFO 2025-12-19 18:01:40 rc/train.py:413 step:76K smpl:606K ep:394 epch:20.71 loss:0.021 grdn:0.262 lr:2.5e-06 updt_s:0.123 data_s:0.004
INFO 2025-12-19 18:02:06 rc/train.py:413 step:76K smpl:608K ep:395 epch:20.77 loss:0.021 grdn:0.288 lr:2.5e-06 updt_s:0.123 data_s:0.004
INFO 2025-12-19 18:02:31 rc/train.py:413 step:76K smpl:610K ep:396 epch:20.82 loss:0.022 grdn:0.277 lr:2.5e-06 updt_s:0.123 data_s:0.004
INFO 2025-12-19 18:02:57 rc/train.py:413 step:76K smpl:611K ep:397 epch:20.88 loss:0.021 grdn:0.285 lr:2.5e-06 updt_s:0.123 data_s:0.004
INFO 2025-12-19 18:03:22 rc/train.py:413 step:77K smpl:613K ep:398 epch:20.93 loss:0.023 grdn:0.300 lr:2.5e-06 updt_s:0.123 data_s:0.004
INFO 2025-12-19 18:03:48 rc/train.py:413 step:77K smpl:614K ep:399 epch:20.99 loss:0.021 grdn:0.279 lr:2.5e-06 updt_s:0.123 data_s:0.004
INFO 2025-12-19 18:04:14 rc/train.py:413 step:77K smpl:616K ep:400 epch:21.04 loss:0.021 grdn:0.274 lr:2.5e-06 updt_s:0.122 data_s:0.006
INFO 2025-12-19 18:04:40 rc/train.py:413 step:77K smpl:618K ep:401 epch:21.10 loss:0.022 grdn:0.298 lr:2.5e-06 updt_s:0.123 data_s:0.004
INFO 2025-12-19 18:05:05 rc/train.py:413 step:77K smpl:619K ep:402 epch:21.15 loss:0.021 grdn:0.280 lr:2.5e-06 updt_s:0.123 data_s:0.004
INFO 2025-12-19 18:05:31 rc/train.py:413 step:78K smpl:621K ep:403 epch:21.21 loss:0.021 grdn:0.283 lr:2.5e-06 updt_s:0.123 data_s:0.004
INFO 2025-12-19 18:05:56 rc/train.py:413 step:78K smpl:622K ep:404 epch:21.26 loss:0.020 grdn:0.268 lr:2.5e-06 updt_s:0.123 data_s:0.004
INFO 2025-12-19 18:06:22 rc/train.py:413 step:78K smpl:624K ep:405 epch:21.32 loss:0.021 grdn:0.266 lr:2.5e-06 updt_s:0.123 data_s:0.004
INFO 2025-12-19 18:06:47 rc/train.py:413 step:78K smpl:626K ep:406 epch:21.37 loss:0.020 grdn:0.276 lr:2.5e-06 updt_s:0.123 data_s:0.004
INFO 2025-12-19 18:07:13 rc/train.py:413 step:78K smpl:627K ep:407 epch:21.43 loss:0.020 grdn:0.274 lr:2.5e-06 updt_s:0.123 data_s:0.004
INFO 2025-12-19 18:07:38 rc/train.py:413 step:79K smpl:629K ep:408 epch:21.48 loss:0.020 grdn:0.280 lr:2.5e-06 updt_s:0.123 data_s:0.004
INFO 2025-12-19 18:08:04 rc/train.py:413 step:79K smpl:630K ep:409 epch:21.53 loss:0.021 grdn:0.290 lr:2.5e-06 updt_s:0.123 data_s:0.004
INFO 2025-12-19 18:08:29 rc/train.py:413 step:79K smpl:632K ep:410 epch:21.59 loss:0.020 grdn:0.264 lr:2.5e-06 updt_s:0.123 data_s:0.004
INFO 2025-12-19 18:08:55 rc/train.py:413 step:79K smpl:634K ep:411 epch:21.64 loss:0.019 grdn:0.264 lr:2.5e-06 updt_s:0.123 data_s:0.004
INFO 2025-12-19 18:09:20 rc/train.py:413 step:79K smpl:635K ep:412 epch:21.70 loss:0.021 grdn:0.273 lr:2.5e-06 updt_s:0.123 data_s:0.004
INFO 2025-12-19 18:09:46 rc/train.py:413 step:80K smpl:637K ep:413 epch:21.75 loss:0.022 grdn:0.285 lr:2.5e-06 updt_s:0.123 data_s:0.004
INFO 2025-12-19 18:10:12 rc/train.py:413 step:80K smpl:638K ep:414 epch:21.81 loss:0.022 grdn:0.287 lr:2.5e-06 updt_s:0.122 data_s:0.004
INFO 2025-12-19 18:10:37 rc/train.py:413 step:80K smpl:640K ep:415 epch:21.86 loss:0.020 grdn:0.268 lr:2.5e-06 updt_s:0.124 data_s:0.004
INFO 2025-12-19 18:10:37 rc/train.py:433 Checkpoint policy after step 80000
INFO 2025-12-19 18:11:04 rc/train.py:413 step:80K smpl:642K ep:416 epch:21.92 loss:0.020 grdn:0.272 lr:2.5e-06 updt_s:0.123 data_s:0.004
INFO 2025-12-19 18:11:30 rc/train.py:413 step:80K smpl:643K ep:417 epch:21.97 loss:0.021 grdn:0.273 lr:2.5e-06 updt_s:0.123 data_s:0.004
INFO 2025-12-19 18:11:56 rc/train.py:413 step:81K smpl:645K ep:419 epch:22.03 loss:0.020 grdn:0.278 lr:2.5e-06 updt_s:0.122 data_s:0.006
INFO 2025-12-19 18:12:21 rc/train.py:413 step:81K smpl:646K ep:420 epch:22.08 loss:0.021 grdn:0.270 lr:2.5e-06 updt_s:0.122 data_s:0.004
INFO 2025-12-19 18:12:47 rc/train.py:413 step:81K smpl:648K ep:421 epch:22.14 loss:0.021 grdn:0.279 lr:2.5e-06 updt_s:0.123 data_s:0.004
INFO 2025-12-19 18:13:12 rc/train.py:413 step:81K smpl:650K ep:422 epch:22.19 loss:0.023 grdn:0.306 lr:2.5e-06 updt_s:0.123 data_s:0.004
INFO 2025-12-19 18:13:38 rc/train.py:413 step:81K smpl:651K ep:423 epch:22.24 loss:0.021 grdn:0.269 lr:2.5e-06 updt_s:0.122 data_s:0.004
INFO 2025-12-19 18:14:03 rc/train.py:413 step:82K smpl:653K ep:424 epch:22.30 loss:0.021 grdn:0.283 lr:2.5e-06 updt_s:0.123 data_s:0.004
INFO 2025-12-19 18:14:29 rc/train.py:413 step:82K smpl:654K ep:425 epch:22.35 loss:0.021 grdn:0.293 lr:2.5e-06 updt_s:0.123 data_s:0.004
INFO 2025-12-19 18:14:54 rc/train.py:413 step:82K smpl:656K ep:426 epch:22.41 loss:0.021 grdn:0.282 lr:2.5e-06 updt_s:0.123 data_s:0.004
INFO 2025-12-19 18:15:20 rc/train.py:413 step:82K smpl:658K ep:427 epch:22.46 loss:0.021 grdn:0.289 lr:2.5e-06 updt_s:0.123 data_s:0.004
INFO 2025-12-19 18:15:46 rc/train.py:413 step:82K smpl:659K ep:428 epch:22.52 loss:0.021 grdn:0.275 lr:2.5e-06 updt_s:0.123 data_s:0.004
INFO 2025-12-19 18:16:11 rc/train.py:413 step:83K smpl:661K ep:429 epch:22.57 loss:0.019 grdn:0.276 lr:2.5e-06 updt_s:0.123 data_s:0.004
INFO 2025-12-19 18:16:37 rc/train.py:413 step:83K smpl:662K ep:430 epch:22.63 loss:0.022 grdn:0.293 lr:2.5e-06 updt_s:0.123 data_s:0.004
INFO 2025-12-19 18:17:02 rc/train.py:413 step:83K smpl:664K ep:431 epch:22.68 loss:0.020 grdn:0.272 lr:2.5e-06 updt_s:0.123 data_s:0.004
INFO 2025-12-19 18:17:28 rc/train.py:413 step:83K smpl:666K ep:432 epch:22.74 loss:0.021 grdn:0.293 lr:2.5e-06 updt_s:0.123 data_s:0.004
INFO 2025-12-19 18:17:53 rc/train.py:413 step:83K smpl:667K ep:433 epch:22.79 loss:0.021 grdn:0.276 lr:2.5e-06 updt_s:0.123 data_s:0.004
INFO 2025-12-19 18:18:19 rc/train.py:413 step:84K smpl:669K ep:434 epch:22.85 loss:0.021 grdn:0.275 lr:2.5e-06 updt_s:0.123 data_s:0.004
INFO 2025-12-19 18:18:44 rc/train.py:413 step:84K smpl:670K ep:435 epch:22.90 loss:0.020 grdn:0.266 lr:2.5e-06 updt_s:0.123 data_s:0.004
INFO 2025-12-19 18:19:10 rc/train.py:413 step:84K smpl:672K ep:436 epch:22.96 loss:0.021 grdn:0.298 lr:2.5e-06 updt_s:0.123 data_s:0.004
INFO 2025-12-19 18:19:35 rc/train.py:413 step:84K smpl:674K ep:437 epch:23.01 loss:0.020 grdn:0.260 lr:2.5e-06 updt_s:0.121 data_s:0.006
INFO 2025-12-19 18:20:01 rc/train.py:413 step:84K smpl:675K ep:438 epch:23.06 loss:0.021 grdn:0.266 lr:2.5e-06 updt_s:0.123 data_s:0.004
INFO 2025-12-19 18:20:27 rc/train.py:413 step:85K smpl:677K ep:439 epch:23.12 loss:0.022 grdn:0.281 lr:2.5e-06 updt_s:0.123 data_s:0.004
INFO 2025-12-19 18:20:52 rc/train.py:413 step:85K smpl:678K ep:440 epch:23.17 loss:0.020 grdn:0.261 lr:2.5e-06 updt_s:0.123 data_s:0.004
INFO 2025-12-19 18:21:18 rc/train.py:413 step:85K smpl:680K ep:441 epch:23.23 loss:0.021 grdn:0.295 lr:2.5e-06 updt_s:0.123 data_s:0.004
INFO 2025-12-19 18:21:44 rc/train.py:413 step:85K smpl:682K ep:442 epch:23.28 loss:0.019 grdn:0.272 lr:2.5e-06 updt_s:0.123 data_s:0.004
INFO 2025-12-19 18:22:09 rc/train.py:413 step:85K smpl:683K ep:443 epch:23.34 loss:0.020 grdn:0.281 lr:2.5e-06 updt_s:0.123 data_s:0.004
INFO 2025-12-19 18:22:35 rc/train.py:413 step:86K smpl:685K ep:444 epch:23.39 loss:0.020 grdn:0.259 lr:2.5e-06 updt_s:0.123 data_s:0.004
INFO 2025-12-19 18:23:00 rc/train.py:413 step:86K smpl:686K ep:446 epch:23.45 loss:0.021 grdn:0.267 lr:2.5e-06 updt_s:0.123 data_s:0.004
INFO 2025-12-19 18:23:26 rc/train.py:413 step:86K smpl:688K ep:447 epch:23.50 loss:0.020 grdn:0.264 lr:2.5e-06 updt_s:0.123 data_s:0.004
INFO 2025-12-19 18:23:51 rc/train.py:413 step:86K smpl:690K ep:448 epch:23.56 loss:0.020 grdn:0.268 lr:2.5e-06 updt_s:0.123 data_s:0.004
INFO 2025-12-19 18:24:17 rc/train.py:413 step:86K smpl:691K ep:449 epch:23.61 loss:0.021 grdn:0.273 lr:2.5e-06 updt_s:0.123 data_s:0.004
INFO 2025-12-19 18:24:43 rc/train.py:413 step:87K smpl:693K ep:450 epch:23.67 loss:0.021 grdn:0.285 lr:2.5e-06 updt_s:0.123 data_s:0.004
INFO 2025-12-19 18:25:08 rc/train.py:413 step:87K smpl:694K ep:451 epch:23.72 loss:0.021 grdn:0.290 lr:2.5e-06 updt_s:0.124 data_s:0.004
INFO 2025-12-19 18:25:34 rc/train.py:413 step:87K smpl:696K ep:452 epch:23.78 loss:0.020 grdn:0.275 lr:2.5e-06 updt_s:0.122 data_s:0.004
INFO 2025-12-19 18:25:59 rc/train.py:413 step:87K smpl:698K ep:453 epch:23.83 loss:0.020 grdn:0.273 lr:2.5e-06 updt_s:0.123 data_s:0.004
INFO 2025-12-19 18:26:25 rc/train.py:413 step:87K smpl:699K ep:454 epch:23.88 loss:0.021 grdn:0.273 lr:2.5e-06 updt_s:0.123 data_s:0.004
INFO 2025-12-19 18:26:51 rc/train.py:413 step:88K smpl:701K ep:455 epch:23.94 loss:0.020 grdn:0.271 lr:2.5e-06 updt_s:0.123 data_s:0.004
INFO 2025-12-19 18:27:16 rc/train.py:413 step:88K smpl:702K ep:456 epch:23.99 loss:0.021 grdn:0.281 lr:2.5e-06 updt_s:0.123 data_s:0.004
INFO 2025-12-19 18:27:42 rc/train.py:413 step:88K smpl:704K ep:457 epch:24.05 loss:0.021 grdn:0.275 lr:2.5e-06 updt_s:0.122 data_s:0.006
INFO 2025-12-19 18:28:07 rc/train.py:413 step:88K smpl:706K ep:458 epch:24.10 loss:0.020 grdn:0.266 lr:2.5e-06 updt_s:0.122 data_s:0.004
INFO 2025-12-19 18:28:33 rc/train.py:413 step:88K smpl:707K ep:459 epch:24.16 loss:0.020 grdn:0.256 lr:2.5e-06 updt_s:0.123 data_s:0.004
INFO 2025-12-19 18:28:59 rc/train.py:413 step:89K smpl:709K ep:460 epch:24.21 loss:0.019 grdn:0.272 lr:2.5e-06 updt_s:0.124 data_s:0.004
INFO 2025-12-19 18:29:24 rc/train.py:413 step:89K smpl:710K ep:461 epch:24.27 loss:0.020 grdn:0.288 lr:2.5e-06 updt_s:0.123 data_s:0.004
INFO 2025-12-19 18:29:50 rc/train.py:413 step:89K smpl:712K ep:462 epch:24.32 loss:0.020 grdn:0.258 lr:2.5e-06 updt_s:0.123 data_s:0.004
INFO 2025-12-19 18:30:15 rc/train.py:413 step:89K smpl:714K ep:463 epch:24.38 loss:0.022 grdn:0.285 lr:2.5e-06 updt_s:0.123 data_s:0.004
INFO 2025-12-19 18:30:41 rc/train.py:413 step:89K smpl:715K ep:464 epch:24.43 loss:0.021 grdn:0.284 lr:2.5e-06 updt_s:0.123 data_s:0.004
INFO 2025-12-19 18:31:07 rc/train.py:413 step:90K smpl:717K ep:465 epch:24.49 loss:0.021 grdn:0.280 lr:2.5e-06 updt_s:0.123 data_s:0.004
INFO 2025-12-19 18:31:32 rc/train.py:413 step:90K smpl:718K ep:466 epch:24.54 loss:0.021 grdn:0.276 lr:2.5e-06 updt_s:0.123 data_s:0.004
INFO 2025-12-19 18:31:58 rc/train.py:413 step:90K smpl:720K ep:467 epch:24.60 loss:0.019 grdn:0.268 lr:2.5e-06 updt_s:0.123 data_s:0.004
INFO 2025-12-19 18:32:23 rc/train.py:413 step:90K smpl:722K ep:468 epch:24.65 loss:0.020 grdn:0.279 lr:2.5e-06 updt_s:0.123 data_s:0.004
INFO 2025-12-19 18:32:49 rc/train.py:413 step:90K smpl:723K ep:469 epch:24.70 loss:0.022 grdn:0.289 lr:2.5e-06 updt_s:0.123 data_s:0.004
INFO 2025-12-19 18:33:14 rc/train.py:413 step:91K smpl:725K ep:470 epch:24.76 loss:0.022 grdn:0.292 lr:2.5e-06 updt_s:0.123 data_s:0.004
INFO 2025-12-19 18:33:40 rc/train.py:413 step:91K smpl:726K ep:471 epch:24.81 loss:0.019 grdn:0.265 lr:2.5e-06 updt_s:0.123 data_s:0.004
INFO 2025-12-19 18:34:05 rc/train.py:413 step:91K smpl:728K ep:473 epch:24.87 loss:0.022 grdn:0.281 lr:2.5e-06 updt_s:0.123 data_s:0.004
INFO 2025-12-19 18:34:31 rc/train.py:413 step:91K smpl:730K ep:474 epch:24.92 loss:0.021 grdn:0.284 lr:2.5e-06 updt_s:0.123 data_s:0.004
INFO 2025-12-19 18:34:57 rc/train.py:413 step:91K smpl:731K ep:475 epch:24.98 loss:0.021 grdn:0.279 lr:2.5e-06 updt_s:0.123 data_s:0.004
INFO 2025-12-19 18:35:22 rc/train.py:413 step:92K smpl:733K ep:476 epch:25.03 loss:0.022 grdn:0.276 lr:2.5e-06 updt_s:0.122 data_s:0.006
INFO 2025-12-19 18:35:48 rc/train.py:413 step:92K smpl:734K ep:477 epch:25.09 loss:0.020 grdn:0.267 lr:2.5e-06 updt_s:0.123 data_s:0.004
INFO 2025-12-19 18:36:13 rc/train.py:413 step:92K smpl:736K ep:478 epch:25.14 loss:0.020 grdn:0.267 lr:2.5e-06 updt_s:0.123 data_s:0.004
INFO 2025-12-19 18:36:39 rc/train.py:413 step:92K smpl:738K ep:479 epch:25.20 loss:0.021 grdn:0.266 lr:2.5e-06 updt_s:0.123 data_s:0.004
INFO 2025-12-19 18:37:05 rc/train.py:413 step:92K smpl:739K ep:480 epch:25.25 loss:0.019 grdn:0.259 lr:2.5e-06 updt_s:0.123 data_s:0.004
INFO 2025-12-19 18:37:30 rc/train.py:413 step:93K smpl:741K ep:481 epch:25.31 loss:0.020 grdn:0.273 lr:2.5e-06 updt_s:0.123 data_s:0.004
INFO 2025-12-19 18:37:56 rc/train.py:413 step:93K smpl:742K ep:482 epch:25.36 loss:0.021 grdn:0.266 lr:2.5e-06 updt_s:0.123 data_s:0.004
INFO 2025-12-19 18:38:21 rc/train.py:413 step:93K smpl:744K ep:483 epch:25.42 loss:0.022 grdn:0.292 lr:2.5e-06 updt_s:0.123 data_s:0.004
INFO 2025-12-19 18:38:47 rc/train.py:413 step:93K smpl:746K ep:484 epch:25.47 loss:0.022 grdn:0.292 lr:2.5e-06 updt_s:0.123 data_s:0.004
INFO 2025-12-19 18:39:12 rc/train.py:413 step:93K smpl:747K ep:485 epch:25.52 loss:0.020 grdn:0.273 lr:2.5e-06 updt_s:0.123 data_s:0.004
INFO 2025-12-19 18:39:38 rc/train.py:413 step:94K smpl:749K ep:486 epch:25.58 loss:0.021 grdn:0.269 lr:2.5e-06 updt_s:0.123 data_s:0.004
INFO 2025-12-19 18:40:04 rc/train.py:413 step:94K smpl:750K ep:487 epch:25.63 loss:0.019 grdn:0.257 lr:2.5e-06 updt_s:0.123 data_s:0.004
INFO 2025-12-19 18:40:29 rc/train.py:413 step:94K smpl:752K ep:488 epch:25.69 loss:0.021 grdn:0.286 lr:2.5e-06 updt_s:0.123 data_s:0.004
INFO 2025-12-19 18:40:55 rc/train.py:413 step:94K smpl:754K ep:489 epch:25.74 loss:0.022 grdn:0.275 lr:2.5e-06 updt_s:0.123 data_s:0.004
INFO 2025-12-19 18:41:20 rc/train.py:413 step:94K smpl:755K ep:490 epch:25.80 loss:0.021 grdn:0.272 lr:2.5e-06 updt_s:0.123 data_s:0.004
INFO 2025-12-19 18:41:46 rc/train.py:413 step:95K smpl:757K ep:491 epch:25.85 loss:0.022 grdn:0.279 lr:2.5e-06 updt_s:0.123 data_s:0.004
INFO 2025-12-19 18:42:11 rc/train.py:413 step:95K smpl:758K ep:492 epch:25.91 loss:0.022 grdn:0.278 lr:2.5e-06 updt_s:0.123 data_s:0.004
INFO 2025-12-19 18:42:37 rc/train.py:413 step:95K smpl:760K ep:493 epch:25.96 loss:0.020 grdn:0.265 lr:2.5e-06 updt_s:0.123 data_s:0.004
INFO 2025-12-19 18:43:02 rc/train.py:413 step:95K smpl:762K ep:494 epch:26.02 loss:0.021 grdn:0.277 lr:2.5e-06 updt_s:0.122 data_s:0.006
INFO 2025-12-19 18:43:28 rc/train.py:413 step:95K smpl:763K ep:495 epch:26.07 loss:0.021 grdn:0.288 lr:2.5e-06 updt_s:0.123 data_s:0.003
INFO 2025-12-19 18:43:54 rc/train.py:413 step:96K smpl:765K ep:496 epch:26.13 loss:0.020 grdn:0.274 lr:2.5e-06 updt_s:0.123 data_s:0.004
INFO 2025-12-19 18:44:19 rc/train.py:413 step:96K smpl:766K ep:497 epch:26.18 loss:0.022 grdn:0.283 lr:2.5e-06 updt_s:0.123 data_s:0.004
INFO 2025-12-19 18:44:45 rc/train.py:413 step:96K smpl:768K ep:498 epch:26.23 loss:0.019 grdn:0.271 lr:2.5e-06 updt_s:0.123 data_s:0.004
INFO 2025-12-19 18:45:10 rc/train.py:413 step:96K smpl:770K ep:500 epch:26.29 loss:0.021 grdn:0.275 lr:2.5e-06 updt_s:0.123 data_s:0.004
INFO 2025-12-19 18:45:36 rc/train.py:413 step:96K smpl:771K ep:501 epch:26.34 loss:0.021 grdn:0.288 lr:2.5e-06 updt_s:0.123 data_s:0.004
INFO 2025-12-19 18:46:01 rc/train.py:413 step:97K smpl:773K ep:502 epch:26.40 loss:0.021 grdn:0.271 lr:2.5e-06 updt_s:0.123 data_s:0.004
INFO 2025-12-19 18:46:27 rc/train.py:413 step:97K smpl:774K ep:503 epch:26.45 loss:0.020 grdn:0.272 lr:2.5e-06 updt_s:0.123 data_s:0.003
INFO 2025-12-19 18:46:52 rc/train.py:413 step:97K smpl:776K ep:504 epch:26.51 loss:0.020 grdn:0.263 lr:2.5e-06 updt_s:0.123 data_s:0.004
INFO 2025-12-19 18:47:18 rc/train.py:413 step:97K smpl:778K ep:505 epch:26.56 loss:0.021 grdn:0.274 lr:2.5e-06 updt_s:0.123 data_s:0.004
INFO 2025-12-19 18:47:43 rc/train.py:413 step:97K smpl:779K ep:506 epch:26.62 loss:0.021 grdn:0.273 lr:2.5e-06 updt_s:0.123 data_s:0.004
INFO 2025-12-19 18:48:09 rc/train.py:413 step:98K smpl:781K ep:507 epch:26.67 loss:0.020 grdn:0.276 lr:2.5e-06 updt_s:0.123 data_s:0.004
INFO 2025-12-19 18:48:35 rc/train.py:413 step:98K smpl:782K ep:508 epch:26.73 loss:0.022 grdn:0.276 lr:2.5e-06 updt_s:0.123 data_s:0.004
INFO 2025-12-19 18:49:00 rc/train.py:413 step:98K smpl:784K ep:509 epch:26.78 loss:0.019 grdn:0.264 lr:2.5e-06 updt_s:0.123 data_s:0.003
INFO 2025-12-19 18:49:26 rc/train.py:413 step:98K smpl:786K ep:510 epch:26.84 loss:0.021 grdn:0.271 lr:2.5e-06 updt_s:0.123 data_s:0.004
INFO 2025-12-19 18:49:51 rc/train.py:413 step:98K smpl:787K ep:511 epch:26.89 loss:0.021 grdn:0.274 lr:2.5e-06 updt_s:0.123 data_s:0.004
INFO 2025-12-19 18:50:17 rc/train.py:413 step:99K smpl:789K ep:512 epch:26.95 loss:0.020 grdn:0.275 lr:2.5e-06 updt_s:0.123 data_s:0.004
INFO 2025-12-19 18:50:42 rc/train.py:413 step:99K smpl:790K ep:513 epch:27.00 loss:0.020 grdn:0.281 lr:2.5e-06 updt_s:0.123 data_s:0.004
INFO 2025-12-19 18:51:08 rc/train.py:413 step:99K smpl:792K ep:514 epch:27.05 loss:0.023 grdn:0.296 lr:2.5e-06 updt_s:0.122 data_s:0.006
INFO 2025-12-19 18:51:33 rc/train.py:413 step:99K smpl:794K ep:515 epch:27.11 loss:0.020 grdn:0.279 lr:2.5e-06 updt_s:0.123 data_s:0.004
INFO 2025-12-19 18:51:59 rc/train.py:413 step:99K smpl:795K ep:516 epch:27.16 loss:0.020 grdn:0.271 lr:2.5e-06 updt_s:0.123 data_s:0.004
INFO 2025-12-19 18:52:25 rc/train.py:413 step:100K smpl:797K ep:517 epch:27.22 loss:0.022 grdn:0.283 lr:2.5e-06 updt_s:0.123 data_s:0.004
INFO 2025-12-19 18:52:50 rc/train.py:413 step:100K smpl:798K ep:518 epch:27.27 loss:0.021 grdn:0.287 lr:2.5e-06 updt_s:0.123 data_s:0.004
INFO 2025-12-19 18:53:16 rc/train.py:413 step:100K smpl:800K ep:519 epch:27.33 loss:0.020 grdn:0.259 lr:2.5e-06 updt_s:0.123 data_s:0.004
INFO 2025-12-19 18:53:16 rc/train.py:433 Checkpoint policy after step 100000
INFO 2025-12-19 18:53:17 rc/train.py:504 End of training
